#
# There is insufficient memory for the Java Runtime Environment to continue.
# Native memory allocation (malloc) failed to allocate 495104 bytes for Chunk::new
# Possible reasons:
#   The system is out of physical RAM or swap space
#   The process is running with CompressedOops enabled, and the Java Heap may be blocking the growth of the native heap
# Possible solutions:
#   Reduce memory load on the system
#   Increase physical memory or swap space
#   Check if swap backing store is full
#   Decrease Java heap size (-Xmx/-Xms)
#   Decrease number of Java threads
#   Decrease Java thread stack sizes (-Xss)
#   Set larger code cache with -XX:ReservedCodeCacheSize=
#   JVM is running with Unscaled Compressed Oops mode in which the Java heap is
#     placed in the first 4GB address space. The Java Heap base address is the
#     maximum limit for the native heap growth. Please use -XX:HeapBaseMinAddress
#     to set the Java Heap base and to place the Java Heap above 4GB virtual address.
# This output file may be truncated or incomplete.
#
#  Out of Memory Error (arena.cpp:189), pid=10832, tid=16372
#
# JRE version: Java(TM) SE Runtime Environment (17.0.8+9) (build 17.0.8+9-LTS-211)
# Java VM: Java HotSpot(TM) 64-Bit Server VM (17.0.8+9-LTS-211, mixed mode, sharing, tiered, compressed oops, compressed class ptrs, g1 gc, windows-amd64)
# No core dump will be written. Minidumps are not enabled by default on client versions of Windows
#

---------------  S U M M A R Y ------------

Command Line: -ea -Didea.test.cyclic.buffer.size=1048576 -javaagent:D:\IntelliJ IDEA\IntelliJ IDEA Community Edition 2023.3.2\lib\idea_rt.jar=52916:D:\IntelliJ IDEA\IntelliJ IDEA Community Edition 2023.3.2\bin -Dfile.encoding=UTF-8 com.intellij.rt.testng.RemoteTestNGStarter -usedefaultlisteners false -socket52915 @w@C:\Users\91942\AppData\Local\Temp\idea_working_dirs_testng1.tmp -temp C:\Users\91942\AppData\Local\Temp\idea_testng1.tmp

Host: 11th Gen Intel(R) Core(TM) i3-1115G4 @ 3.00GHz, 4 cores, 7G,  Windows 11 , 64 bit Build 22621 (10.0.22621.4000)
Time: Sat Oct 26 23:49:55 2024 India Standard Time elapsed time: 21.700780 seconds (0d 0h 0m 21s)

---------------  T H R E A D  ---------------

Current thread (0x0000014ff1da4c80):  JavaThread "C2 CompilerThread0" daemon [_thread_in_native, id=16372, stack(0x0000002a9eb00000,0x0000002a9ec00000)]


Current CompileTask:
C2:  21700 2928   !   4       java.util.zip.InflaterInputStream::read (138 bytes)

Stack: [0x0000002a9eb00000,0x0000002a9ec00000]
Native frames: (J=compiled Java code, j=interpreted, Vv=VM code, C=native code)
V  [jvm.dll+0x677d0a]
V  [jvm.dll+0x7d8c54]
V  [jvm.dll+0x7da3fe]
V  [jvm.dll+0x7daa63]
V  [jvm.dll+0x245c5f]
V  [jvm.dll+0xaaa6b]
V  [jvm.dll+0xab00c]
V  [jvm.dll+0x361e8e]
V  [jvm.dll+0x32c551]
V  [jvm.dll+0x32b9ea]
V  [jvm.dll+0x217fff]
V  [jvm.dll+0x217431]
V  [jvm.dll+0x1a3af0]
V  [jvm.dll+0x2270be]
V  [jvm.dll+0x22535b]
V  [jvm.dll+0x78e7bc]
V  [jvm.dll+0x788bba]
V  [jvm.dll+0x676b35]
C  [ucrtbase.dll+0x29333]
C  [KERNEL32.DLL+0x1257d]
C  [ntdll.dll+0x5af08]


---------------  P R O C E S S  ---------------

Threads class SMR info:
_java_thread_list=0x0000014ff7a360e0, length=26, elements={
0x0000014fd4626d40, 0x0000014ff1d84a70, 0x0000014ff1d85530, 0x0000014ff1d99b70,
0x0000014ff1d9c940, 0x0000014ff1da0220, 0x0000014ff1da0ae0, 0x0000014ff1da4c80,
0x0000014ff1dad640, 0x0000014ff1db1f60, 0x0000014ff60612a0, 0x0000014ff618c080,
0x0000014ff60e2fc0, 0x0000014ff7a5d030, 0x0000014ff7014410, 0x0000014ff7115190,
0x0000014ff6de73e0, 0x0000014ff7645050, 0x0000014ff6cf7aa0, 0x0000014ff8088d40,
0x0000014ff808b890, 0x0000014ff8088870, 0x0000014ff808a550, 0x0000014ff80896e0,
0x0000014ff8089210, 0x0000014ff8089bb0
}

Java Threads: ( => current thread )
  0x0000014fd4626d40 JavaThread "main" [_thread_in_vm, id=14872, stack(0x0000002a9de00000,0x0000002a9df00000)]
  0x0000014ff1d84a70 JavaThread "Reference Handler" daemon [_thread_blocked, id=17772, stack(0x0000002a9e500000,0x0000002a9e600000)]
  0x0000014ff1d85530 JavaThread "Finalizer" daemon [_thread_blocked, id=22896, stack(0x0000002a9e600000,0x0000002a9e700000)]
  0x0000014ff1d99b70 JavaThread "Signal Dispatcher" daemon [_thread_blocked, id=20224, stack(0x0000002a9e700000,0x0000002a9e800000)]
  0x0000014ff1d9c940 JavaThread "Attach Listener" daemon [_thread_blocked, id=20192, stack(0x0000002a9e800000,0x0000002a9e900000)]
  0x0000014ff1da0220 JavaThread "Service Thread" daemon [_thread_blocked, id=15040, stack(0x0000002a9e900000,0x0000002a9ea00000)]
  0x0000014ff1da0ae0 JavaThread "Monitor Deflation Thread" daemon [_thread_blocked, id=23836, stack(0x0000002a9ea00000,0x0000002a9eb00000)]
=>0x0000014ff1da4c80 JavaThread "C2 CompilerThread0" daemon [_thread_in_native, id=16372, stack(0x0000002a9eb00000,0x0000002a9ec00000)]
  0x0000014ff1dad640 JavaThread "C1 CompilerThread0" daemon [_thread_blocked, id=25100, stack(0x0000002a9ec00000,0x0000002a9ed00000)]
  0x0000014ff1db1f60 JavaThread "Sweeper thread" daemon [_thread_blocked, id=12976, stack(0x0000002a9ed00000,0x0000002a9ee00000)]
  0x0000014ff60612a0 JavaThread "Common-Cleaner" daemon [_thread_blocked, id=25484, stack(0x0000002a9ee00000,0x0000002a9ef00000)]
  0x0000014ff618c080 JavaThread "Monitor Ctrl-Break" daemon [_thread_in_native, id=10416, stack(0x0000002a9ef00000,0x0000002a9f000000)]
  0x0000014ff60e2fc0 JavaThread "Notification Thread" daemon [_thread_blocked, id=13456, stack(0x0000002a9f000000,0x0000002a9f100000)]
  0x0000014ff7a5d030 JavaThread "ForkJoinPool.commonPool-worker-1" daemon [_thread_blocked, id=24104, stack(0x0000002a9f800000,0x0000002a9f900000)]
  0x0000014ff7014410 JavaThread "HttpClient-1-SelectorManager" daemon [_thread_in_native, id=9224, stack(0x0000002a9f900000,0x0000002a9fa00000)]
  0x0000014ff7115190 JavaThread "External Process Output Forwarder - C:\Users\91942\.cache\selenium\chromedriver\win64\130.0.6723.69\chromedriver.exe" daemon [_thread_in_native, id=8912, stack(0x0000002a9fa00000,0x0000002a9fb00000)]
  0x0000014ff6de73e0 JavaThread "Driver Service Executor" daemon [_thread_blocked, id=21816, stack(0x0000002a9fb00000,0x0000002a9fc00000)]
  0x0000014ff7645050 JavaThread "Driver Service Executor" daemon [_thread_in_native, id=10812, stack(0x0000002a9fc00000,0x0000002a9fd00000)]
  0x0000014ff6cf7aa0 JavaThread "UrlChecker-2" daemon [_thread_blocked, id=24916, stack(0x0000002a9fd00000,0x0000002a9fe00000)]
  0x0000014ff8088d40 JavaThread "JdkHttpClient-0-0" daemon [_thread_blocked, id=8476, stack(0x0000002a9ff00000,0x0000002aa0000000)]
  0x0000014ff808b890 JavaThread "JdkHttpClient-0-1" daemon [_thread_blocked, id=25000, stack(0x0000002aa0000000,0x0000002aa0100000)]
  0x0000014ff8088870 JavaThread "JdkHttpClient-0-2" daemon [_thread_blocked, id=15564, stack(0x0000002aa0100000,0x0000002aa0200000)]
  0x0000014ff808a550 JavaThread "HttpClient-2-SelectorManager" daemon [_thread_in_native, id=1384, stack(0x0000002a9f200000,0x0000002a9f300000)]
  0x0000014ff80896e0 JavaThread "JdkHttpClient-1-0" daemon [_thread_blocked, id=25088, stack(0x0000002aa0200000,0x0000002aa0300000)]
  0x0000014ff8089210 JavaThread "JdkHttpClient-1-1" daemon [_thread_blocked, id=22680, stack(0x0000002aa0300000,0x0000002aa0400000)]
  0x0000014ff8089bb0 JavaThread "JdkHttpClient-1-2" daemon [_thread_blocked, id=12212, stack(0x0000002aa0400000,0x0000002aa0500000)]

Other Threads:
  0x0000014ff1d810d0 VMThread "VM Thread" [stack: 0x0000002a9e400000,0x0000002a9e500000] [id=24704]
  0x0000014fd4698a80 WatcherThread [stack: 0x0000002a9f100000,0x0000002a9f200000] [id=22048]
  0x0000014fd4681720 GCTaskThread "GC Thread#0" [stack: 0x0000002a9df00000,0x0000002a9e000000] [id=21520]
  0x0000014ff6b97180 GCTaskThread "GC Thread#1" [stack: 0x0000002a9f300000,0x0000002a9f400000] [id=7716]
  0x0000014ff6c0e8d0 GCTaskThread "GC Thread#2" [stack: 0x0000002a9f400000,0x0000002a9f500000] [id=856]
  0x0000014ff6b44600 GCTaskThread "GC Thread#3" [stack: 0x0000002a9f500000,0x0000002a9f600000] [id=15092]
  0x0000014fd25addd0 ConcurrentGCThread "G1 Main Marker" [stack: 0x0000002a9e000000,0x0000002a9e100000] [id=8980]
  0x0000014fd468e050 ConcurrentGCThread "G1 Conc#0" [stack: 0x0000002a9e100000,0x0000002a9e200000] [id=11656]
  0x0000014fd46dd8d0 ConcurrentGCThread "G1 Refine#0" [stack: 0x0000002a9e200000,0x0000002a9e300000] [id=17832]
  0x0000014ff6c1d2f0 ConcurrentGCThread "G1 Refine#1" [stack: 0x0000002a9f600000,0x0000002a9f700000] [id=13284]
  0x0000014fd46de200 ConcurrentGCThread "G1 Service" [stack: 0x0000002a9e300000,0x0000002a9e400000] [id=25136]

Threads with active compile tasks:
C2 CompilerThread0    21734 2928   !   4       java.util.zip.InflaterInputStream::read (138 bytes)

VM state: not at safepoint (normal execution)

VM Mutex/Monitor currently owned by a thread: None

Heap address: 0x0000000083600000, size: 1994 MB, Compressed Oops mode: 32-bit

CDS archive(s) mapped at: [0x0000014f80000000-0x0000014f80bd0000-0x0000014f80bd0000), size 12386304, SharedBaseAddress: 0x0000014f80000000, ArchiveRelocationMode: 1.
Compressed class space mapped at: 0x0000014f81000000-0x0000014fc1000000, reserved size: 1073741824
Narrow klass base: 0x0000014f80000000, Narrow klass shift: 0, Narrow klass range: 0x100000000

GC Precious Log:
 CPUs: 4 total, 4 available
 Memory: 7975M
 Large Page Support: Disabled
 NUMA Support: Disabled
 Compressed Oops: Enabled (32-bit)
 Heap Region Size: 1M
 Heap Min Capacity: 8M
 Heap Initial Capacity: 126M
 Heap Max Capacity: 1994M
 Pre-touch: Disabled
 Parallel Workers: 4
 Concurrent Workers: 1
 Concurrent Refinement Workers: 4
 Periodic GC: Disabled

Heap:
 garbage-first heap   total 55296K, used 26780K [0x0000000083600000, 0x0000000100000000)
  region size 1024K, 14 young (14336K), 1 survivors (1024K)
 Metaspace       used 27497K, committed 27776K, reserved 1114112K
  class space    used 3388K, committed 3520K, reserved 1048576K

Heap Regions: E=young(eden), S=young(survivor), O=old, HS=humongous(starts), HC=humongous(continues), CS=collection set, F=free, OA=open archive, CA=closed archive, TAMS=top-at-mark-start (previous, next)
|   0|0x0000000083600000, 0x0000000083700000, 0x0000000083700000|100%| O|  |TAMS 0x0000000083700000, 0x0000000083600000| Untracked 
|   1|0x0000000083700000, 0x0000000083800000, 0x0000000083800000|100%| O|  |TAMS 0x0000000083800000, 0x0000000083700000| Untracked 
|   2|0x0000000083800000, 0x0000000083900000, 0x0000000083900000|100%| O|  |TAMS 0x0000000083900000, 0x0000000083800000| Untracked 
|   3|0x0000000083900000, 0x0000000083a00000, 0x0000000083a00000|100%| O|  |TAMS 0x0000000083a00000, 0x0000000083900000| Untracked 
|   4|0x0000000083a00000, 0x0000000083b00000, 0x0000000083b00000|100%| O|  |TAMS 0x0000000083b00000, 0x0000000083a00000| Untracked 
|   5|0x0000000083b00000, 0x0000000083c00000, 0x0000000083c00000|100%| O|  |TAMS 0x0000000083c00000, 0x0000000083b00000| Untracked 
|   6|0x0000000083c00000, 0x0000000083d00000, 0x0000000083d00000|100%| O|  |TAMS 0x0000000083d00000, 0x0000000083c00000| Untracked 
|   7|0x0000000083d00000, 0x0000000083e00000, 0x0000000083e00000|100%| O|  |TAMS 0x0000000083e00000, 0x0000000083d00000| Untracked 
|   8|0x0000000083e00000, 0x0000000083e00000, 0x0000000083f00000|  0%| F|  |TAMS 0x0000000083e00000, 0x0000000083e00000| Untracked 
|   9|0x0000000083f00000, 0x0000000084000000, 0x0000000084000000|100%| O|  |TAMS 0x0000000083f00000, 0x0000000083f00000| Untracked 
|  10|0x0000000084000000, 0x0000000084100000, 0x0000000084100000|100%| O|  |TAMS 0x0000000084000000, 0x0000000084000000| Untracked 
|  11|0x0000000084100000, 0x0000000084200000, 0x0000000084200000|100%| O|  |TAMS 0x0000000084100000, 0x0000000084100000| Untracked 
|  12|0x0000000084200000, 0x0000000084300000, 0x0000000084300000|100%| O|  |TAMS 0x0000000084200000, 0x0000000084200000| Untracked 
|  13|0x0000000084300000, 0x0000000084400000, 0x0000000084400000|100%| O|  |TAMS 0x0000000084300000, 0x0000000084300000| Untracked 
|  14|0x0000000084400000, 0x0000000084470000, 0x0000000084500000| 43%| O|  |TAMS 0x0000000084400000, 0x0000000084400000| Untracked 
|  15|0x0000000084500000, 0x0000000084500000, 0x0000000084600000|  0%| F|  |TAMS 0x0000000084500000, 0x0000000084500000| Untracked 
|  16|0x0000000084600000, 0x0000000084600000, 0x0000000084700000|  0%| F|  |TAMS 0x0000000084600000, 0x0000000084600000| Untracked 
|  17|0x0000000084700000, 0x0000000084700000, 0x0000000084800000|  0%| F|  |TAMS 0x0000000084700000, 0x0000000084700000| Untracked 
|  18|0x0000000084800000, 0x0000000084800000, 0x0000000084900000|  0%| F|  |TAMS 0x0000000084800000, 0x0000000084800000| Untracked 
|  19|0x0000000084900000, 0x0000000084900000, 0x0000000084a00000|  0%| F|  |TAMS 0x0000000084900000, 0x0000000084900000| Untracked 
|  20|0x0000000084a00000, 0x0000000084a00000, 0x0000000084b00000|  0%| F|  |TAMS 0x0000000084a00000, 0x0000000084a00000| Untracked 
|  21|0x0000000084b00000, 0x0000000084b00000, 0x0000000084c00000|  0%| F|  |TAMS 0x0000000084b00000, 0x0000000084b00000| Untracked 
|  22|0x0000000084c00000, 0x0000000084c00000, 0x0000000084d00000|  0%| F|  |TAMS 0x0000000084c00000, 0x0000000084c00000| Untracked 
|  23|0x0000000084d00000, 0x0000000084d00000, 0x0000000084e00000|  0%| F|  |TAMS 0x0000000084d00000, 0x0000000084d00000| Untracked 
|  24|0x0000000084e00000, 0x0000000084e00000, 0x0000000084f00000|  0%| F|  |TAMS 0x0000000084e00000, 0x0000000084e00000| Untracked 
|  25|0x0000000084f00000, 0x0000000084f00000, 0x0000000085000000|  0%| F|  |TAMS 0x0000000084f00000, 0x0000000084f00000| Untracked 
|  26|0x0000000085000000, 0x0000000085000000, 0x0000000085100000|  0%| F|  |TAMS 0x0000000085000000, 0x0000000085000000| Untracked 
|  27|0x0000000085100000, 0x0000000085100000, 0x0000000085200000|  0%| F|  |TAMS 0x0000000085100000, 0x0000000085100000| Untracked 
|  28|0x0000000085200000, 0x0000000085200000, 0x0000000085300000|  0%| F|  |TAMS 0x0000000085200000, 0x0000000085200000| Untracked 
|  29|0x0000000085300000, 0x0000000085300000, 0x0000000085400000|  0%| F|  |TAMS 0x0000000085300000, 0x0000000085300000| Untracked 
|  30|0x0000000085400000, 0x00000000854b7160, 0x0000000085500000| 71%| S|CS|TAMS 0x0000000085400000, 0x0000000085400000| Complete 
|  31|0x0000000085500000, 0x0000000085500000, 0x0000000085600000|  0%| F|  |TAMS 0x0000000085500000, 0x0000000085500000| Untracked 
|  32|0x0000000085600000, 0x0000000085600000, 0x0000000085700000|  0%| F|  |TAMS 0x0000000085600000, 0x0000000085600000| Untracked 
|  33|0x0000000085700000, 0x0000000085700000, 0x0000000085800000|  0%| F|  |TAMS 0x0000000085700000, 0x0000000085700000| Untracked 
|  34|0x0000000085800000, 0x0000000085800000, 0x0000000085900000|  0%| F|  |TAMS 0x0000000085800000, 0x0000000085800000| Untracked 
|  35|0x0000000085900000, 0x0000000085900000, 0x0000000085a00000|  0%| F|  |TAMS 0x0000000085900000, 0x0000000085900000| Untracked 
|  36|0x0000000085a00000, 0x0000000085a00000, 0x0000000085b00000|  0%| F|  |TAMS 0x0000000085a00000, 0x0000000085a00000| Untracked 
|  37|0x0000000085b00000, 0x0000000085b00000, 0x0000000085c00000|  0%| F|  |TAMS 0x0000000085b00000, 0x0000000085b00000| Untracked 
|  38|0x0000000085c00000, 0x0000000085c00000, 0x0000000085d00000|  0%| F|  |TAMS 0x0000000085c00000, 0x0000000085c00000| Untracked 
|  39|0x0000000085d00000, 0x0000000085e00000, 0x0000000085e00000|100%| E|  |TAMS 0x0000000085d00000, 0x0000000085d00000| Complete 
|  40|0x0000000085e00000, 0x0000000085f00000, 0x0000000085f00000|100%| E|CS|TAMS 0x0000000085e00000, 0x0000000085e00000| Complete 
|  41|0x0000000085f00000, 0x0000000086000000, 0x0000000086000000|100%| E|CS|TAMS 0x0000000085f00000, 0x0000000085f00000| Complete 
|  42|0x0000000086000000, 0x0000000086100000, 0x0000000086100000|100%| E|CS|TAMS 0x0000000086000000, 0x0000000086000000| Complete 
|  43|0x0000000086100000, 0x0000000086200000, 0x0000000086200000|100%| E|CS|TAMS 0x0000000086100000, 0x0000000086100000| Complete 
|  44|0x0000000086200000, 0x0000000086300000, 0x0000000086300000|100%| E|CS|TAMS 0x0000000086200000, 0x0000000086200000| Complete 
|  45|0x0000000086300000, 0x0000000086400000, 0x0000000086400000|100%| E|CS|TAMS 0x0000000086300000, 0x0000000086300000| Complete 
|  46|0x0000000086400000, 0x0000000086500000, 0x0000000086500000|100%| E|CS|TAMS 0x0000000086400000, 0x0000000086400000| Complete 
| 102|0x0000000089c00000, 0x0000000089d00000, 0x0000000089d00000|100%| E|CS|TAMS 0x0000000089c00000, 0x0000000089c00000| Complete 
| 103|0x0000000089d00000, 0x0000000089e00000, 0x0000000089e00000|100%| E|CS|TAMS 0x0000000089d00000, 0x0000000089d00000| Complete 
| 104|0x0000000089e00000, 0x0000000089f00000, 0x0000000089f00000|100%| E|CS|TAMS 0x0000000089e00000, 0x0000000089e00000| Complete 
| 105|0x0000000089f00000, 0x000000008a000000, 0x000000008a000000|100%| E|CS|TAMS 0x0000000089f00000, 0x0000000089f00000| Complete 
| 106|0x000000008a000000, 0x000000008a100000, 0x000000008a100000|100%| E|CS|TAMS 0x000000008a000000, 0x000000008a000000| Complete 
| 124|0x000000008b200000, 0x000000008b300000, 0x000000008b300000|100%| E|CS|TAMS 0x000000008b200000, 0x000000008b200000| Complete 
| 125|0x000000008b300000, 0x000000008b400000, 0x000000008b400000|100%| E|CS|TAMS 0x000000008b300000, 0x000000008b300000| Complete 

Card table byte_map: [0x0000014feb2a0000,0x0000014feb690000] _byte_map_base: 0x0000014feae85000

Marking Bits (Prev, Next): (CMBitMap*) 0x0000014fd4681c80, (CMBitMap*) 0x0000014fd4681c40
 Prev Bits: [0x0000014fed9b0000, 0x0000014fef8d8000)
 Next Bits: [0x0000014feba80000, 0x0000014fed9a8000)

Polling page: 0x0000014fd25f0000

Metaspace:

Usage:
  Non-class:     23.54 MB used.
      Class:      3.31 MB used.
       Both:     26.85 MB used.

Virtual space:
  Non-class space:       64.00 MB reserved,      23.69 MB ( 37%) committed,  1 nodes.
      Class space:        1.00 GB reserved,       3.44 MB ( <1%) committed,  1 nodes.
             Both:        1.06 GB reserved,      27.12 MB (  2%) committed. 

Chunk freelists:
   Non-Class:  7.88 MB
       Class:  12.51 MB
        Both:  20.39 MB

MaxMetaspaceSize: unlimited
CompressedClassSpaceSize: 1.00 GB
Initial GC threshold: 21.00 MB
Current GC threshold: 35.12 MB
CDS: on
MetaspaceReclaimPolicy: balanced
 - commit_granule_bytes: 65536.
 - commit_granule_words: 8192.
 - virtual_space_node_default_size: 8388608.
 - enlarge_chunks_in_place: 1.
 - new_chunks_are_fully_committed: 0.
 - uncommit_free_chunks: 1.
 - use_allocation_guard: 0.
 - handle_deallocations: 1.


Internal statistics:

num_allocs_failed_limit: 3.
num_arena_births: 434.
num_arena_deaths: 2.
num_vsnodes_births: 2.
num_vsnodes_deaths: 0.
num_space_committed: 434.
num_space_uncommitted: 0.
num_chunks_returned_to_freelist: 5.
num_chunks_taken_from_freelist: 1209.
num_chunk_merges: 3.
num_chunk_splits: 783.
num_chunks_enlarged: 538.
num_purges: 2.
num_inconsistent_stats: 0.

CodeHeap 'non-profiled nmethods': size=120000Kb used=1334Kb max_used=1334Kb free=118666Kb
 bounds [0x0000014fe3980000, 0x0000014fe3bf0000, 0x0000014feaeb0000]
CodeHeap 'profiled nmethods': size=120000Kb used=5879Kb max_used=5879Kb free=114120Kb
 bounds [0x0000014fdbeb0000, 0x0000014fdc470000, 0x0000014fe33e0000]
CodeHeap 'non-nmethods': size=5760Kb used=1280Kb max_used=1308Kb free=4479Kb
 bounds [0x0000014fe33e0000, 0x0000014fe3650000, 0x0000014fe3980000]
 total_blobs=3520 nmethods=2941 adapters=491
 compilation: enabled
              stopped_count=0, restarted_count=0
 full_count=0

Compilation events (20 events):
Event: 21.670 Thread 0x0000014ff1dad640 2938       3       org.apache.xmlbeans.impl.schema.XsbReader::readString (14 bytes)
Event: 21.670 Thread 0x0000014ff1dad640 nmethod 2938 0x0000014fdc46a210 code [0x0000014fdc46a3e0, 0x0000014fdc46a7b8]
Event: 21.671 Thread 0x0000014ff1dad640 2941       3       org.apache.xmlbeans.impl.schema.SchemaTypeSystemImpl$StringPool::stringForCode (22 bytes)
Event: 21.671 Thread 0x0000014ff1dad640 nmethod 2941 0x0000014fdc46a910 code [0x0000014fdc46aac0, 0x0000014fdc46ade8]
Event: 21.671 Thread 0x0000014ff1dad640 2940       1       org.apache.xmlbeans.impl.schema.SchemaTypeSystemImpl::getTypePool (5 bytes)
Event: 21.671 Thread 0x0000014ff1dad640 nmethod 2940 0x0000014fe3acd210 code [0x0000014fe3acd3a0, 0x0000014fe3acd478]
Event: 21.671 Thread 0x0000014ff1dad640 2930       3       org.apache.xmlbeans.impl.schema.SchemaTypeSystemImpl$StringPool::codeForString (65 bytes)
Event: 21.672 Thread 0x0000014ff1dad640 nmethod 2930 0x0000014fdc46af10 code [0x0000014fdc46b120, 0x0000014fdc46b9d8]
Event: 21.672 Thread 0x0000014ff1dad640 2935       3       java.lang.invoke.LambdaForm$MH/0x0000014f81090000::linkToTargetMethod (11 bytes)
Event: 21.672 Thread 0x0000014ff1dad640 nmethod 2935 0x0000014fdc46bc90 code [0x0000014fdc46be40, 0x0000014fdc46c1d8]
Event: 21.672 Thread 0x0000014ff1dad640 2936       3       java.lang.invoke.LambdaForm$DMH/0x0000014f8120c800::newInvokeSpecial (28 bytes)
Event: 21.672 Thread 0x0000014ff1dad640 nmethod 2936 0x0000014fdc46c310 code [0x0000014fdc46c500, 0x0000014fdc46cb68]
Event: 21.672 Thread 0x0000014ff1dad640 2937       3       org.apache.xmlbeans.impl.util.LongUTFDataInputStream$$Lambda$833/0x0000014f8137a060::<init> (20 bytes)
Event: 21.672 Thread 0x0000014ff1dad640 nmethod 2937 0x0000014fdc46cd90 code [0x0000014fdc46cf40, 0x0000014fdc46d178]
Event: 21.672 Thread 0x0000014ff1dad640 2942   !   3       org.apache.xmlbeans.impl.schema.XsbReader::readShort (35 bytes)
Event: 21.673 Thread 0x0000014ff1dad640 nmethod 2942 0x0000014fdc46d210 code [0x0000014fdc46d3c0, 0x0000014fdc46d778]
Event: 21.674 Thread 0x0000014ff1dad640 2943       1       javax.xml.namespace.QName::getNamespaceURI (5 bytes)
Event: 21.674 Thread 0x0000014ff1dad640 nmethod 2943 0x0000014fe3acd510 code [0x0000014fe3acd6a0, 0x0000014fe3acd778]
Event: 21.675 Thread 0x0000014ff1dad640 2944       3       java.lang.Character::isLetterOrDigit (5 bytes)
Event: 21.675 Thread 0x0000014ff1dad640 nmethod 2944 0x0000014fdc46d910 code [0x0000014fdc46dae0, 0x0000014fdc46ddf8]

GC Heap History (12 events):
Event: 0.683 GC heap before
{Heap before GC invocations=0 (full 0):
 garbage-first heap   total 129024K, used 12288K [0x0000000083600000, 0x0000000100000000)
  region size 1024K, 13 young (13312K), 0 survivors (0K)
 Metaspace       used 4662K, committed 4800K, reserved 1114112K
  class space    used 502K, committed 576K, reserved 1048576K
}
Event: 0.687 GC heap after
{Heap after GC invocations=1 (full 0):
 garbage-first heap   total 129024K, used 6379K [0x0000000083600000, 0x0000000100000000)
  region size 1024K, 2 young (2048K), 2 survivors (2048K)
 Metaspace       used 4662K, committed 4800K, reserved 1114112K
  class space    used 502K, committed 576K, reserved 1048576K
}
Event: 1.013 GC heap before
{Heap before GC invocations=1 (full 0):
 garbage-first heap   total 129024K, used 17643K [0x0000000083600000, 0x0000000100000000)
  region size 1024K, 13 young (13312K), 2 survivors (2048K)
 Metaspace       used 7205K, committed 7424K, reserved 1114112K
  class space    used 822K, committed 960K, reserved 1048576K
}
Event: 1.017 GC heap after
{Heap after GC invocations=2 (full 0):
 garbage-first heap   total 129024K, used 7488K [0x0000000083600000, 0x0000000100000000)
  region size 1024K, 2 young (2048K), 2 survivors (2048K)
 Metaspace       used 7205K, committed 7424K, reserved 1114112K
  class space    used 822K, committed 960K, reserved 1048576K
}
Event: 1.994 GC heap before
{Heap before GC invocations=2 (full 0):
 garbage-first heap   total 129024K, used 30016K [0x0000000083600000, 0x0000000100000000)
  region size 1024K, 24 young (24576K), 2 survivors (2048K)
 Metaspace       used 15880K, committed 16192K, reserved 1114112K
  class space    used 1846K, committed 1984K, reserved 1048576K
}
Event: 2.002 GC heap after
{Heap after GC invocations=3 (full 0):
 garbage-first heap   total 129024K, used 11454K [0x0000000083600000, 0x0000000100000000)
  region size 1024K, 3 young (3072K), 3 survivors (3072K)
 Metaspace       used 15880K, committed 16192K, reserved 1114112K
  class space    used 1846K, committed 1984K, reserved 1048576K
}
Event: 4.581 GC heap before
{Heap before GC invocations=3 (full 0):
 garbage-first heap   total 129024K, used 29886K [0x0000000083600000, 0x0000000100000000)
  region size 1024K, 22 young (22528K), 3 survivors (3072K)
 Metaspace       used 21165K, committed 21504K, reserved 1114112K
  class space    used 2605K, committed 2752K, reserved 1048576K
}
Event: 4.587 GC heap after
{Heap after GC invocations=4 (full 0):
 garbage-first heap   total 129024K, used 12987K [0x0000000083600000, 0x0000000100000000)
  region size 1024K, 5 young (5120K), 5 survivors (5120K)
 Metaspace       used 21165K, committed 21504K, reserved 1114112K
  class space    used 2605K, committed 2752K, reserved 1048576K
}
Event: 21.613 GC heap before
{Heap before GC invocations=5 (full 0):
 garbage-first heap   total 55296K, used 40635K [0x0000000083600000, 0x0000000100000000)
  region size 1024K, 32 young (32768K), 5 survivors (5120K)
 Metaspace       used 27344K, committed 27648K, reserved 1114112K
  class space    used 3370K, committed 3520K, reserved 1048576K
}
Event: 21.634 GC heap after
{Heap after GC invocations=6 (full 0):
 garbage-first heap   total 55296K, used 14208K [0x0000000083600000, 0x0000000100000000)
  region size 1024K, 3 young (3072K), 3 survivors (3072K)
 Metaspace       used 27344K, committed 27648K, reserved 1114112K
  class space    used 3370K, committed 3520K, reserved 1048576K
}
Event: 21.657 GC heap before
{Heap before GC invocations=6 (full 0):
 garbage-first heap   total 55296K, used 14208K [0x0000000083600000, 0x0000000100000000)
  region size 1024K, 4 young (4096K), 3 survivors (3072K)
 Metaspace       used 27489K, committed 27776K, reserved 1114112K
  class space    used 3388K, committed 3520K, reserved 1048576K
}
Event: 21.663 GC heap after
{Heap after GC invocations=7 (full 0):
 garbage-first heap   total 55296K, used 14313K [0x0000000083600000, 0x0000000100000000)
  region size 1024K, 1 young (1024K), 1 survivors (1024K)
 Metaspace       used 27489K, committed 27776K, reserved 1114112K
  class space    used 3388K, committed 3520K, reserved 1048576K
}

Deoptimization events (20 events):
Event: 20.640 Thread 0x0000014fd4626d40 DEOPT PACKING pc=0x0000014fdc27e343 sp=0x0000002a9defd0e0
Event: 20.640 Thread 0x0000014fd4626d40 DEOPT UNPACKING pc=0x0000014fe34366e3 sp=0x0000002a9defc578 mode 0
Event: 20.644 Thread 0x0000014fd4626d40 DEOPT PACKING pc=0x0000014fdc27e343 sp=0x0000002a9defd0e0
Event: 20.644 Thread 0x0000014fd4626d40 DEOPT UNPACKING pc=0x0000014fe34366e3 sp=0x0000002a9defc578 mode 0
Event: 20.644 Thread 0x0000014fd4626d40 DEOPT PACKING pc=0x0000014fdc27e343 sp=0x0000002a9defd0e0
Event: 20.644 Thread 0x0000014fd4626d40 DEOPT UNPACKING pc=0x0000014fe34366e3 sp=0x0000002a9defc578 mode 0
Event: 20.645 Thread 0x0000014fd4626d40 DEOPT PACKING pc=0x0000014fdc27e343 sp=0x0000002a9defd0e0
Event: 20.645 Thread 0x0000014fd4626d40 DEOPT UNPACKING pc=0x0000014fe34366e3 sp=0x0000002a9defc578 mode 0
Event: 21.137 Thread 0x0000014fd4626d40 Uncommon trap: trap_request=0xffffff45 fr.pc=0x0000014fe3a279e4 relative=0x00000000000000c4
Event: 21.137 Thread 0x0000014fd4626d40 Uncommon trap: reason=unstable_if action=reinterpret pc=0x0000014fe3a279e4 method=java.lang.CharacterDataLatin1.digit(II)I @ 7 c2
Event: 21.137 Thread 0x0000014fd4626d40 DEOPT PACKING pc=0x0000014fe3a279e4 sp=0x0000002a9defceb0
Event: 21.137 Thread 0x0000014fd4626d40 DEOPT UNPACKING pc=0x0000014fe3435ba3 sp=0x0000002a9defcd70 mode 2
Event: 21.138 Thread 0x0000014fd4626d40 Uncommon trap: trap_request=0xffffff45 fr.pc=0x0000014fe3a27634 relative=0x0000000000000094
Event: 21.138 Thread 0x0000014fd4626d40 Uncommon trap: reason=unstable_if action=reinterpret pc=0x0000014fe3a27634 method=java.lang.CharacterDataLatin1.digit(II)I @ 7 c2
Event: 21.138 Thread 0x0000014fd4626d40 DEOPT PACKING pc=0x0000014fe3a27634 sp=0x0000002a9defce10
Event: 21.138 Thread 0x0000014fd4626d40 DEOPT UNPACKING pc=0x0000014fe3435ba3 sp=0x0000002a9defcd90 mode 2
Event: 21.586 Thread 0x0000014fd4626d40 Uncommon trap: trap_request=0xffffff45 fr.pc=0x0000014fe39cbb00 relative=0x0000000000000c00
Event: 21.586 Thread 0x0000014fd4626d40 Uncommon trap: reason=unstable_if action=reinterpret pc=0x0000014fe39cbb00 method=java.util.jar.JarFile.getVersionedEntry(Ljava/lang/String;Ljava/util/jar/JarEntry;)Ljava/util/jar/JarEntry; @ 26 c2
Event: 21.586 Thread 0x0000014fd4626d40 DEOPT PACKING pc=0x0000014fe39cbb00 sp=0x0000002a9def8760
Event: 21.586 Thread 0x0000014fd4626d40 DEOPT UNPACKING pc=0x0000014fe3435ba3 sp=0x0000002a9def86d0 mode 2

Classes unloaded (1 events):
Event: 4.602 Thread 0x0000014ff1d810d0 Unloading class 0x0000014f81002000 'java/lang/invoke/LambdaForm$DMH+0x0000014f81002000'

Classes redefined (0 events):
No events

Internal exceptions (20 events):
Event: 3.502 Thread 0x0000014fd4626d40 Exception <a 'java/lang/NoSuchMethodError'{0x000000008a661aa8}: 'void java.lang.invoke.DirectMethodHandle$Holder.invokeStatic(java.lang.Object, java.lang.Object, int)'> (0x000000008a661aa8) 
thrown [s\open\src\hotspot\share\interpreter\linkResolver.cpp, line 759]
Event: 3.547 Thread 0x0000014ff8088d40 Exception <a 'java/lang/NoSuchMethodError'{0x000000008a5bf8c8}: 'java.lang.Object java.lang.invoke.DirectMethodHandle$Holder.invokeSpecial(java.lang.Object, java.lang.Object, java.lang.Object, java.lang.Object, int)'> (0x000000008a5bf8c8) 
thrown [s\open\src\hotspot\share\interpreter\linkResolver.cpp, line 759]
Event: 3.547 Thread 0x0000014ff8088d40 Exception <a 'java/lang/NoSuchMethodError'{0x000000008a5c3490}: 'java.lang.Object java.lang.invoke.Invokers$Holder.linkToTargetMethod(java.lang.Object, java.lang.Object, int, java.lang.Object)'> (0x000000008a5c3490) 
thrown [s\open\src\hotspot\share\interpreter\linkResolver.cpp, line 759]
Event: 3.566 Thread 0x0000014ff8088d40 Exception <a 'java/lang/NoSuchMethodError'{0x000000008a4152e0}: 'void java.lang.invoke.DirectMethodHandle$Holder.invokeSpecial(java.lang.Object, java.lang.Object, java.lang.Object, java.lang.Object, java.lang.Object)'> (0x000000008a4152e0) 
thrown [s\open\src\hotspot\share\interpreter\linkResolver.cpp, line 759]
Event: 4.515 Thread 0x0000014ff8088870 Exception <a 'java/lang/NoSuchMethodError'{0x000000008a3388c8}: 'java.lang.Object java.lang.invoke.DirectMethodHandle$Holder.newInvokeSpecial(java.lang.Object, java.lang.Object, long, java.lang.Object, java.lang.Object, java.lang.Object)'> (0x000000008a3388c8) 
thrown [s\open\src\hotspot\share\interpreter\linkResolver.cpp, line 759]
Event: 4.519 Thread 0x0000014ff8088870 Exception <a 'java/lang/NoSuchMethodError'{0x000000008a350988}: 'void java.lang.invoke.DirectMethodHandle$Holder.invokeSpecial(java.lang.Object, java.lang.Object, java.lang.Object, java.lang.Object, java.lang.Object, java.lang.Object, java.lang.Object)'> (0x000000008a350988) 
thrown [s\open\src\hotspot\share\interpreter\linkResolver.cpp, line 759]
Event: 4.538 Thread 0x0000014fd4626d40 Exception <a 'java/lang/NoSuchMethodError'{0x000000008a3a6138}: 'java.lang.Object java.lang.invoke.DirectMethodHandle$Holder.invokeSpecialIFC(java.lang.Object, java.lang.Object, java.lang.Object)'> (0x000000008a3a6138) 
thrown [s\open\src\hotspot\share\interpreter\linkResolver.cpp, line 759]
Event: 4.587 Thread 0x0000014fd4626d40 Implicit null exception at 0x0000014fe3a89fce to 0x0000014fe3a9012c
Event: 4.667 Thread 0x0000014fd4626d40 Exception <a 'java/lang/ClassNotFoundException'{0x00000000863924d0}: sun/util/logging/resources/spi/loggingProvider> (0x00000000863924d0) 
thrown [s\open\src\hotspot\share\classfile\systemDictionary.cpp, line 256]
Event: 20.171 Thread 0x0000014fd4626d40 Exception <a 'java/lang/NoSuchMethodError'{0x0000000085d18798}: 'void java.lang.invoke.DirectMethodHandle$Holder.invokeStaticInit(java.lang.Object)'> (0x0000000085d18798) 
thrown [s\open\src\hotspot\share\interpreter\linkResolver.cpp, line 759]
Event: 20.213 Thread 0x0000014fd4626d40 Implicit null exception at 0x0000014fe3a93c6a to 0x0000014fe3a94108
Event: 20.216 Thread 0x0000014fd4626d40 Exception <a 'java/lang/NoSuchMethodError'{0x0000000085c40a38}: 'void java.lang.invoke.DelegatingMethodHandle$Holder.delegate(java.lang.Object, java.lang.Object, int, java.lang.Object)'> (0x0000000085c40a38) 
thrown [s\open\src\hotspot\share\interpreter\linkResolver.cpp, line 759]
Event: 20.248 Thread 0x0000014fd4626d40 Exception <a 'java/lang/IncompatibleClassChangeError'{0x0000000085c87c50}: Found class java.lang.Object, but interface was expected> (0x0000000085c87c50) 
thrown [s\open\src\hotspot\share\interpreter\linkResolver.cpp, line 826]
Event: 20.435 Thread 0x0000014fd4626d40 Exception <a 'java/lang/NoSuchMethodError'{0x0000000085bb9d28}: 'int java.lang.invoke.DirectMethodHandle$Holder.invokeSpecial(java.lang.Object, java.lang.Object, int)'> (0x0000000085bb9d28) 
thrown [s\open\src\hotspot\share\interpreter\linkResolver.cpp, line 759]
Event: 20.676 Thread 0x0000014fd4626d40 Exception <a 'java/lang/NoSuchMethodError'{0x00000000857033d8}: 'void java.lang.invoke.DirectMethodHandle$Holder.invokeVirtual(java.lang.Object, java.lang.Object, java.lang.Object, java.lang.Object)'> (0x00000000857033d8) 
thrown [s\open\src\hotspot\share\interpreter\linkResolver.cpp, line 759]
Event: 20.807 Thread 0x0000014fd4626d40 Exception <a 'java/lang/NoSuchMethodError'{0x0000000085735300}: 'void java.lang.invoke.DirectMethodHandle$Holder.invokeStatic(java.lang.Object, java.lang.Object, java.lang.Object, int)'> (0x0000000085735300) 
thrown [s\open\src\hotspot\share\interpreter\linkResolver.cpp, line 759]
Event: 20.807 Thread 0x0000014fd4626d40 Exception <a 'java/lang/NoSuchMethodError'{0x0000000085738a68}: 'void java.lang.invoke.DirectMethodHandle$Holder.invokeStaticInit(java.lang.Object, java.lang.Object, java.lang.Object, int)'> (0x0000000085738a68) 
thrown [s\open\src\hotspot\share\interpreter\linkResolver.cpp, line 759]
Event: 21.343 Thread 0x0000014fd4626d40 Exception <a 'java/lang/NoSuchMethodError'{0x00000000854a6a08}: 'java.lang.Object java.lang.invoke.DirectMethodHandle$Holder.invokeStaticInit(java.lang.Object, java.lang.Object, java.lang.Object)'> (0x00000000854a6a08) 
thrown [s\open\src\hotspot\share\interpreter\linkResolver.cpp, line 759]
Event: 21.344 Thread 0x0000014fd4626d40 Exception <a 'java/lang/NoSuchMethodError'{0x00000000854acd10}: 'java.lang.Object java.lang.invoke.DirectMethodHandle$Holder.invokeStatic(java.lang.Object, java.lang.Object, int, int)'> (0x00000000854acd10) 
thrown [s\open\src\hotspot\share\interpreter\linkResolver.cpp, line 759]
Event: 21.344 Thread 0x0000014fd4626d40 Exception <a 'java/lang/NoSuchMethodError'{0x00000000854b0658}: 'java.lang.Object java.lang.invoke.DirectMethodHandle$Holder.invokeStaticInit(java.lang.Object, java.lang.Object, int, int)'> (0x00000000854b0658) 
thrown [s\open\src\hotspot\share\interpreter\linkResolver.cpp, line 759]

VM Operations (20 events):
Event: 7.640 Executing VM operation: Cleanup
Event: 7.640 Executing VM operation: Cleanup done
Event: 10.665 Executing VM operation: Cleanup
Event: 10.665 Executing VM operation: Cleanup done
Event: 13.693 Executing VM operation: Cleanup
Event: 13.693 Executing VM operation: Cleanup done
Event: 16.721 Executing VM operation: Cleanup
Event: 16.721 Executing VM operation: Cleanup done
Event: 19.735 Executing VM operation: Cleanup
Event: 19.735 Executing VM operation: Cleanup done
Event: 20.215 Executing VM operation: HandshakeAllThreads
Event: 20.215 Executing VM operation: HandshakeAllThreads done
Event: 21.235 Executing VM operation: Cleanup
Event: 21.237 Executing VM operation: Cleanup done
Event: 21.613 Executing VM operation: G1CollectForAllocation
Event: 21.634 Executing VM operation: G1CollectForAllocation done
Event: 21.647 Executing VM operation: HandshakeAllThreads
Event: 21.647 Executing VM operation: HandshakeAllThreads done
Event: 21.657 Executing VM operation: G1CollectForAllocation
Event: 21.663 Executing VM operation: G1CollectForAllocation done

Events (20 events):
Event: 21.374 loading class java/time/temporal/WeekFields
Event: 21.374 loading class java/time/temporal/WeekFields done
Event: 21.374 loading class java/time/temporal/WeekFields$ComputedDayOfField
Event: 21.375 loading class java/time/temporal/WeekFields$ComputedDayOfField done
Event: 21.395 loading class javax/xml/stream/XMLStreamException
Event: 21.395 loading class javax/xml/stream/XMLStreamException done
Event: 21.514 loading class java/security/DigestInputStream
Event: 21.514 loading class java/security/DigestInputStream done
Event: 21.534 loading class javax/xml/namespace/QName
Event: 21.534 loading class javax/xml/namespace/QName done
Event: 21.582 loading class java/util/ResourceBundle$ResourceBundleControlProviderHolder
Event: 21.582 loading class java/util/ResourceBundle$ResourceBundleControlProviderHolder done
Event: 21.583 loading class java/util/spi/ResourceBundleControlProvider
Event: 21.583 loading class java/util/spi/ResourceBundleControlProvider done
Event: 21.583 loading class java/util/ServiceLoader$ProviderSpliterator
Event: 21.583 loading class java/util/ServiceLoader$ProviderSpliterator done
Event: 21.584 loading class java/util/ResourceBundle$Control$2
Event: 21.585 loading class java/util/ResourceBundle$Control$2 done
Event: 21.647 loading class java/io/UTFDataFormatException
Event: 21.647 loading class java/io/UTFDataFormatException done


Dynamic libraries:
0x00007ff7eafc0000 - 0x00007ff7eafd0000 	C:\Program Files\Java\jdk-17\bin\java.exe
0x00007fffb4530000 - 0x00007fffb4747000 	C:\WINDOWS\SYSTEM32\ntdll.dll
0x00007fffb2f20000 - 0x00007fffb2fe4000 	C:\WINDOWS\System32\KERNEL32.DLL
0x00007fffb1bd0000 - 0x00007fffb1f8a000 	C:\WINDOWS\System32\KERNELBASE.dll
0x00007fffb1a10000 - 0x00007fffb1b21000 	C:\WINDOWS\System32\ucrtbase.dll
0x00007fffa3ef0000 - 0x00007fffa3f0b000 	C:\Program Files\Java\jdk-17\bin\VCRUNTIME140.dll
0x00007fffa3f70000 - 0x00007fffa3f89000 	C:\Program Files\Java\jdk-17\bin\jli.dll
0x00007fffb4380000 - 0x00007fffb4432000 	C:\WINDOWS\System32\ADVAPI32.dll
0x00007fffb23b0000 - 0x00007fffb2457000 	C:\WINDOWS\System32\msvcrt.dll
0x00007fffb3c20000 - 0x00007fffb3cc8000 	C:\WINDOWS\System32\sechost.dll
0x00007fffb19e0000 - 0x00007fffb1a08000 	C:\WINDOWS\System32\bcrypt.dll
0x00007fffb40c0000 - 0x00007fffb41d4000 	C:\WINDOWS\System32\RPCRT4.dll
0x00007fffb3cd0000 - 0x00007fffb3e7f000 	C:\WINDOWS\System32\USER32.dll
0x00007fffb1820000 - 0x00007fffb1846000 	C:\WINDOWS\System32\win32u.dll
0x00007fffb3e80000 - 0x00007fffb3ea9000 	C:\WINDOWS\System32\GDI32.dll
0x00007fff9d7e0000 - 0x00007fff9da72000 	C:\WINDOWS\WinSxS\amd64_microsoft.windows.common-controls_6595b64144ccf1df_6.0.22621.4291_none_2715d3a373803e45\COMCTL32.dll
0x00007fffb18c0000 - 0x00007fffb19db000 	C:\WINDOWS\System32\gdi32full.dll
0x00007fffb1b30000 - 0x00007fffb1bca000 	C:\WINDOWS\System32\msvcp_win.dll
0x00007fffa2c90000 - 0x00007fffa2c9a000 	C:\WINDOWS\SYSTEM32\VERSION.dll
0x00007fffb42c0000 - 0x00007fffb42f1000 	C:\WINDOWS\System32\IMM32.DLL
0x00007fffa4730000 - 0x00007fffa473c000 	C:\Program Files\Java\jdk-17\bin\vcruntime140_1.dll
0x00007fff5f2b0000 - 0x00007fff5f33e000 	C:\Program Files\Java\jdk-17\bin\msvcp140.dll
0x00007fff2ecf0000 - 0x00007fff2f8ce000 	C:\Program Files\Java\jdk-17\bin\server\jvm.dll
0x00007fffb3c00000 - 0x00007fffb3c08000 	C:\WINDOWS\System32\PSAPI.DLL
0x00007fffa9a70000 - 0x00007fffa9a79000 	C:\WINDOWS\SYSTEM32\WSOCK32.dll
0x00007fffad0e0000 - 0x00007fffad114000 	C:\WINDOWS\SYSTEM32\WINMM.dll
0x00007fffb4300000 - 0x00007fffb4371000 	C:\WINDOWS\System32\WS2_32.dll
0x00007fffb0830000 - 0x00007fffb0848000 	C:\WINDOWS\SYSTEM32\kernel.appcore.dll
0x00007fffa3ee0000 - 0x00007fffa3eea000 	C:\Program Files\Java\jdk-17\bin\jimage.dll
0x00007fffaf080000 - 0x00007fffaf2b2000 	C:\WINDOWS\SYSTEM32\DBGHELP.DLL
0x00007fffb3870000 - 0x00007fffb3bff000 	C:\WINDOWS\System32\combase.dll
0x00007fffb41e0000 - 0x00007fffb42b7000 	C:\WINDOWS\System32\OLEAUT32.dll
0x00007fffad080000 - 0x00007fffad0b2000 	C:\WINDOWS\SYSTEM32\dbgcore.DLL
0x00007fffb21c0000 - 0x00007fffb223b000 	C:\WINDOWS\System32\bcryptPrimitives.dll
0x00007fff91c50000 - 0x00007fff91c5e000 	C:\Program Files\Java\jdk-17\bin\instrument.dll
0x00007fffa3b10000 - 0x00007fffa3b35000 	C:\Program Files\Java\jdk-17\bin\java.dll
0x00007fff4f5f0000 - 0x00007fff4f6c7000 	C:\Program Files\Java\jdk-17\bin\jsvml.dll
0x00007fffb2ff0000 - 0x00007fffb386b000 	C:\WINDOWS\System32\SHELL32.dll
0x00007fffaf730000 - 0x00007fffb0039000 	C:\WINDOWS\SYSTEM32\windows.storage.dll
0x00007fffaf5f0000 - 0x00007fffaf72f000 	C:\WINDOWS\SYSTEM32\wintypes.dll
0x00007fffb2e20000 - 0x00007fffb2f1a000 	C:\WINDOWS\System32\SHCORE.dll
0x00007fffb3eb0000 - 0x00007fffb3f0e000 	C:\WINDOWS\System32\shlwapi.dll
0x00007fffb1750000 - 0x00007fffb177b000 	C:\WINDOWS\SYSTEM32\profapi.dll
0x00007fff9a990000 - 0x00007fff9a9a8000 	C:\Program Files\Java\jdk-17\bin\zip.dll
0x00007fffa3ec0000 - 0x00007fffa3ed9000 	C:\Program Files\Java\jdk-17\bin\net.dll
0x00007fffab030000 - 0x00007fffab166000 	C:\WINDOWS\SYSTEM32\WINHTTP.dll
0x00007fffb0ca0000 - 0x00007fffb0d09000 	C:\WINDOWS\system32\mswsock.dll
0x00007fffa3e10000 - 0x00007fffa3e26000 	C:\Program Files\Java\jdk-17\bin\nio.dll
0x00007fff77670000 - 0x00007fff7768a000 	D:\IntelliJ IDEA\IntelliJ IDEA Community Edition 2023.3.2\bin\breakgen64.dll
0x00007fffb0ec0000 - 0x00007fffb0edb000 	C:\WINDOWS\SYSTEM32\CRYPTSP.dll
0x00007fffb0790000 - 0x00007fffb07c5000 	C:\WINDOWS\system32\rsaenh.dll
0x00007fffb0d60000 - 0x00007fffb0d88000 	C:\WINDOWS\SYSTEM32\USERENV.dll
0x00007fffb0ee0000 - 0x00007fffb0eec000 	C:\WINDOWS\SYSTEM32\CRYPTBASE.dll
0x00007fffb02a0000 - 0x00007fffb02cd000 	C:\WINDOWS\SYSTEM32\IPHLPAPI.DLL
0x00007fffb2ba0000 - 0x00007fffb2ba9000 	C:\WINDOWS\System32\NSI.dll
0x00007fffaa820000 - 0x00007fffaa839000 	C:\WINDOWS\SYSTEM32\dhcpcsvc6.DLL
0x00007fffaa800000 - 0x00007fffaa81f000 	C:\WINDOWS\SYSTEM32\dhcpcsvc.DLL
0x00007fffb02d0000 - 0x00007fffb03d2000 	C:\WINDOWS\SYSTEM32\DNSAPI.dll
0x00007fff93b20000 - 0x00007fff93b30000 	C:\Program Files\Java\jdk-17\bin\verify.dll
0x00007fff82670000 - 0x00007fff8267e000 	C:\Program Files\Java\jdk-17\bin\sunmscapi.dll
0x00007fffb2050000 - 0x00007fffb21b6000 	C:\WINDOWS\System32\CRYPT32.dll
0x00007fffb11c0000 - 0x00007fffb11ed000 	C:\WINDOWS\SYSTEM32\ncrypt.dll
0x00007fffb1180000 - 0x00007fffb11b7000 	C:\WINDOWS\SYSTEM32\NTASN1.dll
0x00007fffa77f0000 - 0x00007fffa77fa000 	C:\Windows\System32\rasadhlp.dll
0x00007fffa1bb0000 - 0x00007fffa1c33000 	C:\WINDOWS\System32\fwpuclnt.dll
0x00007fff8e9f0000 - 0x00007fff8e9f8000 	C:\WINDOWS\system32\wshunix.dll

dbghelp: loaded successfully - version: 4.0.5 - missing functions: none
symbol engine: initialized successfully - sym options: 0x614 - pdb path: .;C:\Program Files\Java\jdk-17\bin;C:\WINDOWS\SYSTEM32;C:\WINDOWS\WinSxS\amd64_microsoft.windows.common-controls_6595b64144ccf1df_6.0.22621.4291_none_2715d3a373803e45;C:\Program Files\Java\jdk-17\bin\server;D:\IntelliJ IDEA\IntelliJ IDEA Community Edition 2023.3.2\bin

VM Arguments:
jvm_args: -ea -Didea.test.cyclic.buffer.size=1048576 -javaagent:D:\IntelliJ IDEA\IntelliJ IDEA Community Edition 2023.3.2\lib\idea_rt.jar=52916:D:\IntelliJ IDEA\IntelliJ IDEA Community Edition 2023.3.2\bin -Dfile.encoding=UTF-8 
java_command: com.intellij.rt.testng.RemoteTestNGStarter -usedefaultlisteners false -socket52915 @w@C:\Users\91942\AppData\Local\Temp\idea_working_dirs_testng1.tmp -temp C:\Users\91942\AppData\Local\Temp\idea_testng1.tmp
java_class_path (initial): D:\IntelliJ IDEA\IntelliJ IDEA Community Edition 2023.3.2\lib\idea_rt.jar;D:\IntelliJ IDEA\IntelliJ IDEA Community Edition 2023.3.2\plugins\testng\lib\testng-rt.jar;D:\IJ-PROJECTS\InvestmentBanking-Domain\target\test-classes;D:\IJ-PROJECTS\InvestmentBanking-Domain\target\classes;C:\Users\91942\.m2\repository\org\seleniumhq\selenium\selenium-java\4.25.0\selenium-java-4.25.0.jar;C:\Users\91942\.m2\repository\org\seleniumhq\selenium\selenium-api\4.25.0\selenium-api-4.25.0.jar;C:\Users\91942\.m2\repository\org\jspecify\jspecify\1.0.0\jspecify-1.0.0.jar;C:\Users\91942\.m2\repository\org\seleniumhq\selenium\selenium-chrome-driver\4.25.0\selenium-chrome-driver-4.25.0.jar;C:\Users\91942\.m2\repository\com\google\auto\service\auto-service-annotations\1.1.1\auto-service-annotations-1.1.1.jar;C:\Users\91942\.m2\repository\org\seleniumhq\selenium\selenium-chromium-driver\4.25.0\selenium-chromium-driver-4.25.0.jar;C:\Users\91942\.m2\repository\org\seleniumhq\selenium\selenium-json\4.25.0\selenium-json-4.25.0.jar;C:\Users\91942\.m2\repository\org\seleniumhq\selenium\selenium-manager\4.25.0\selenium-manager-4.25.0.jar;C:\Users\91942\.m2\repository\org\seleniumhq\selenium\selenium-devtools-v127\4.25.0\selenium-devtools-v127-4.25.0.jar;C:\Users\91942\.m2\repository\org\seleniumhq\selenium\selenium-devtools-v128\4.25.0\selenium-devtools-v128-4.25.0.jar;C:\Users\91942\.m2\repository\org\seleniumhq\selenium\selenium-devtools-v129\4.25.0\selenium-devtools-v129-4.25.0.jar;C:\Users\91942\.m2\repository\org\seleniumhq\selenium\selenium-devtools-v85\4.25.0\selenium-devtools-v85-4.25.0.jar;C:\Users\91942\.m2\repository\org\seleniumhq\selenium\selenium-edge-driver\4.25.0\selenium-edge-driver-4.25.0.jar;C:\Users\91942\.m2\repository\org\seleniumhq\selenium\selenium-firefox-driver\4.25.0\selenium-firefox-driver-4.25.0.jar;C:\Users\91942\.m2\repository\org\seleniumhq\selenium\selenium-http\4.25.0\selenium-http-4.25.0.jar;C:\Users\91942\.m2\repository\dev\failsafe\fai
Launcher Type: SUN_STANDARD

[Global flags]
     intx CICompilerCount                          = 3                                         {product} {ergonomic}
     uint ConcGCThreads                            = 1                                         {product} {ergonomic}
     uint G1ConcRefinementThreads                  = 4                                         {product} {ergonomic}
   size_t G1HeapRegionSize                         = 1048576                                   {product} {ergonomic}
    uintx GCDrainStackTargetSize                   = 64                                        {product} {ergonomic}
   size_t InitialHeapSize                          = 132120576                                 {product} {ergonomic}
   size_t MarkStackSize                            = 4194304                                   {product} {ergonomic}
   size_t MaxHeapSize                              = 2090860544                                {product} {ergonomic}
   size_t MaxNewSize                               = 1254096896                                {product} {ergonomic}
   size_t MinHeapDeltaBytes                        = 1048576                                   {product} {ergonomic}
   size_t MinHeapSize                              = 8388608                                   {product} {ergonomic}
    uintx NonNMethodCodeHeapSize                   = 5832780                                {pd product} {ergonomic}
    uintx NonProfiledCodeHeapSize                  = 122912730                              {pd product} {ergonomic}
    uintx ProfiledCodeHeapSize                     = 122912730                              {pd product} {ergonomic}
    uintx ReservedCodeCacheSize                    = 251658240                              {pd product} {ergonomic}
     bool SegmentedCodeCache                       = true                                      {product} {ergonomic}
   size_t SoftMaxHeapSize                          = 2090860544                             {manageable} {ergonomic}
     bool UseCompressedClassPointers               = true                           {product lp64_product} {ergonomic}
     bool UseCompressedOops                        = true                           {product lp64_product} {ergonomic}
     bool UseG1GC                                  = true                                      {product} {ergonomic}
     bool UseLargePagesIndividualAllocation        = false                                  {pd product} {ergonomic}

Logging:
Log output configuration:
 #0: stdout all=warning uptime,level,tags
 #1: stderr all=off uptime,level,tags

Environment Variables:
PATH=C:\Program Files\Common Files\Oracle\Java\javapath;C:\Program Files (x86)\Common Files\Oracle\Java\java8path;C:\Program Files (x86)\Common Files\Oracle\Java\javapath;"C:\Program Files (x86)\Common Files\Oracle\Java\javapath;C:\Program Files\Java\jdk1.8.0_341\bin";C:\WINDOWS\system32;C:\WINDOWS;C:\WINDOWS\System32\Wbem;C:\WINDOWS\System32\WindowsPowerShell\v1.0\;C:\WINDOWS\System32\OpenSSH\;C:\TDM-GCC-32\bin;C:\Program Files\MySQL\MySQL Server 8.0\bin;C:\Program Files (x86)\Microsoft SQL Server\160\Tools\Binn\;C:\Program Files\Microsoft SQL Server\160\Tools\Binn\;C:\Program Files\Microsoft SQL Server\Client SDK\ODBC\170\Tools\Binn\;C:\Program Files\Microsoft SQL Server\160\DTS\Binn\;C:\Program Files\Java\jdk-17\bin;C:\Program Files\Java\jre-1.8\bin;C:\Program Files\Microsoft SQL Server\150\Tools\Binn\;C:\Program Files\dotnet\;C:\Program Files\Docker\Docker\resources\bin;C:\Program Files\MongoDB\mongosh-1.10.1-win32-x64\bin;C:\Program Files\Java\jdk1.8.0_202\bin;C:\Program Files\Java\jdk-17\bin;C:\Program Files\nodejs\;C:\Program Files\Java\jdk-21\bin;C:\Program Files\MySQL\MySQL Shell 8.0\bin\;C:\Program Files\Java\jdk1.8.0_341\bin;C:\Program Files\Java\jre-1.8\bin;C:\Program Files\Java\jdk-17\bin;C:\Users\91942\.dotnet\tools;D:\IntelliJ IDEA\IntelliJ IDEA Community Edition 2023.3.2\bin;;C:\Users\91942\AppData\Roaming\npm
USERNAME=91942
OS=Windows_NT
PROCESSOR_IDENTIFIER=Intel64 Family 6 Model 140 Stepping 1, GenuineIntel



---------------  S Y S T E M  ---------------

OS:
 Windows 11 , 64 bit Build 22621 (10.0.22621.4000)
OS uptime: 1 days 0:43 hours
Hyper-V role detected

CPU: total 4 (initial active 4) (2 cores per cpu, 2 threads per core) family 6 model 140 stepping 1 microcode 0x8a, cx8, cmov, fxsr, ht, mmx, 3dnowpref, sse, sse2, sse3, ssse3, sse4.1, sse4.2, popcnt, lzcnt, tsc, tscinvbit, avx, avx2, aes, erms, clmul, bmi1, bmi2, adx, avx512f, avx512dq, avx512cd, avx512bw, avx512vl, sha, fma, vzeroupper, avx512_vpopcntdq, avx512_vpclmulqdq, avx512_vaes, avx512_vnni, clflush, clflushopt, clwb, avx512_vbmi2, avx512_vbmi, hv

Memory: 4k page, system-wide physical 7975M (594M free)
TotalPageFile size 16319M (AvailPageFile size 5M)
current process WorkingSet (physical memory assigned to process): 142M, peak: 142M
current process commit charge ("private bytes"): 177M, peak: 258M

vm_info: Java HotSpot(TM) 64-Bit Server VM (17.0.8+9-LTS-211) for windows-amd64 JRE (17.0.8+9-LTS-211), built on Jun 14 2023 10:34:31 by "mach5one" with MS VC++ 17.1 (VS2022)

END.
