#
# There is insufficient memory for the Java Runtime Environment to continue.
# Native memory allocation (malloc) failed to allocate 400416 bytes for Chunk::new
# Possible reasons:
#   The system is out of physical RAM or swap space
#   The process is running with CompressedOops enabled, and the Java Heap may be blocking the growth of the native heap
# Possible solutions:
#   Reduce memory load on the system
#   Increase physical memory or swap space
#   Check if swap backing store is full
#   Decrease Java heap size (-Xmx/-Xms)
#   Decrease number of Java threads
#   Decrease Java thread stack sizes (-Xss)
#   Set larger code cache with -XX:ReservedCodeCacheSize=
#   JVM is running with Unscaled Compressed Oops mode in which the Java heap is
#     placed in the first 4GB address space. The Java Heap base address is the
#     maximum limit for the native heap growth. Please use -XX:HeapBaseMinAddress
#     to set the Java Heap base and to place the Java Heap above 4GB virtual address.
# This output file may be truncated or incomplete.
#
#  Out of Memory Error (arena.cpp:189), pid=15224, tid=5912
#
# JRE version: Java(TM) SE Runtime Environment (17.0.8+9) (build 17.0.8+9-LTS-211)
# Java VM: Java HotSpot(TM) 64-Bit Server VM (17.0.8+9-LTS-211, mixed mode, sharing, tiered, compressed oops, compressed class ptrs, g1 gc, windows-amd64)
# No core dump will be written. Minidumps are not enabled by default on client versions of Windows
#

---------------  S U M M A R Y ------------

Command Line: -ea -Didea.test.cyclic.buffer.size=1048576 -javaagent:D:\IntelliJ IDEA\IntelliJ IDEA Community Edition 2023.3.2\lib\idea_rt.jar=62190:D:\IntelliJ IDEA\IntelliJ IDEA Community Edition 2023.3.2\bin -Dfile.encoding=UTF-8 com.intellij.rt.testng.RemoteTestNGStarter -usedefaultlisteners false -socket62189 @w@C:\Users\91942\AppData\Local\Temp\idea_working_dirs_testng1.tmp -temp C:\Users\91942\AppData\Local\Temp\idea_testng1.tmp

Host: 11th Gen Intel(R) Core(TM) i3-1115G4 @ 3.00GHz, 4 cores, 7G,  Windows 11 , 64 bit Build 22621 (10.0.22621.4000)
Time: Sat Oct 26 23:49:10 2024 India Standard Time elapsed time: 22.283344 seconds (0d 0h 0m 22s)

---------------  T H R E A D  ---------------

Current thread (0x00000236157d2a90):  JavaThread "C2 CompilerThread0" daemon [_thread_in_native, id=5912, stack(0x000000ccb4200000,0x000000ccb4300000)]


Current CompileTask:
C2:  22283 2933   !   4       java.util.zip.InflaterInputStream::read (138 bytes)

Stack: [0x000000ccb4200000,0x000000ccb4300000]
Native frames: (J=compiled Java code, j=interpreted, Vv=VM code, C=native code)
V  [jvm.dll+0x677d0a]
V  [jvm.dll+0x7d8c54]
V  [jvm.dll+0x7da3fe]
V  [jvm.dll+0x7daa63]
V  [jvm.dll+0x245c5f]
V  [jvm.dll+0xaaa6b]
V  [jvm.dll+0xab00c]
V  [jvm.dll+0x361e8e]
V  [jvm.dll+0x1bb87a]
V  [jvm.dll+0x218157]
V  [jvm.dll+0x217431]
V  [jvm.dll+0x1a3af0]
V  [jvm.dll+0x2270be]
V  [jvm.dll+0x22535b]
V  [jvm.dll+0x78e7bc]
V  [jvm.dll+0x788bba]
V  [jvm.dll+0x676b35]
C  [ucrtbase.dll+0x29333]
C  [KERNEL32.DLL+0x1257d]
C  [ntdll.dll+0x5af08]


---------------  P R O C E S S  ---------------

Threads class SMR info:
_java_thread_list=0x000002365c6e9c50, length=26, elements={
0x0000023678020fc0, 0x00000236157b3350, 0x00000236157b3c10, 0x00000236157c4f80,
0x00000236157c5840, 0x00000236157c9120, 0x00000236157c99e0, 0x00000236157d2a90,
0x00000236157e0d30, 0x0000023615958070, 0x000002361583eaf0, 0x0000023615a269d0,
0x0000023615a26ea0, 0x000002365c0a08f0, 0x000002365bf9e070, 0x000002365befc340,
0x000002365befc810, 0x000002365befcce0, 0x000002365b9f35e0, 0x000002365b9f52c0,
0x000002365b9f1dd0, 0x000002365b9f3110, 0x000002365b9f2c40, 0x000002365b9f3f80,
0x000002365b9f22a0, 0x000002365b9f4920
}

Java Threads: ( => current thread )
  0x0000023678020fc0 JavaThread "main" [_thread_blocked, id=2776, stack(0x000000ccb3500000,0x000000ccb3600000)]
  0x00000236157b3350 JavaThread "Reference Handler" daemon [_thread_blocked, id=12408, stack(0x000000ccb3c00000,0x000000ccb3d00000)]
  0x00000236157b3c10 JavaThread "Finalizer" daemon [_thread_blocked, id=24300, stack(0x000000ccb3d00000,0x000000ccb3e00000)]
  0x00000236157c4f80 JavaThread "Signal Dispatcher" daemon [_thread_blocked, id=14180, stack(0x000000ccb3e00000,0x000000ccb3f00000)]
  0x00000236157c5840 JavaThread "Attach Listener" daemon [_thread_blocked, id=16176, stack(0x000000ccb3f00000,0x000000ccb4000000)]
  0x00000236157c9120 JavaThread "Service Thread" daemon [_thread_blocked, id=15636, stack(0x000000ccb4000000,0x000000ccb4100000)]
  0x00000236157c99e0 JavaThread "Monitor Deflation Thread" daemon [_thread_blocked, id=21952, stack(0x000000ccb4100000,0x000000ccb4200000)]
=>0x00000236157d2a90 JavaThread "C2 CompilerThread0" daemon [_thread_in_native, id=5912, stack(0x000000ccb4200000,0x000000ccb4300000)]
  0x00000236157e0d30 JavaThread "C1 CompilerThread0" daemon [_thread_blocked, id=9992, stack(0x000000ccb4300000,0x000000ccb4400000)]
  0x0000023615958070 JavaThread "Sweeper thread" daemon [_thread_blocked, id=23624, stack(0x000000ccb4400000,0x000000ccb4500000)]
  0x000002361583eaf0 JavaThread "Common-Cleaner" daemon [_thread_blocked, id=4876, stack(0x000000ccb4500000,0x000000ccb4600000)]
  0x0000023615a269d0 JavaThread "Monitor Ctrl-Break" daemon [_thread_in_native, id=13908, stack(0x000000ccb4600000,0x000000ccb4700000)]
  0x0000023615a26ea0 JavaThread "Notification Thread" daemon [_thread_blocked, id=2960, stack(0x000000ccb4700000,0x000000ccb4800000)]
  0x000002365c0a08f0 JavaThread "ForkJoinPool.commonPool-worker-1" daemon [_thread_blocked, id=23076, stack(0x000000ccb4f00000,0x000000ccb5000000)]
  0x000002365bf9e070 JavaThread "HttpClient-1-SelectorManager" daemon [_thread_in_native, id=3948, stack(0x000000ccb5000000,0x000000ccb5100000)]
  0x000002365befc340 JavaThread "External Process Output Forwarder - C:\Users\91942\.cache\selenium\chromedriver\win64\130.0.6723.69\chromedriver.exe" daemon [_thread_in_native, id=20620, stack(0x000000ccb5100000,0x000000ccb5200000)]
  0x000002365befc810 JavaThread "Driver Service Executor" daemon [_thread_blocked, id=16680, stack(0x000000ccb5200000,0x000000ccb5300000)]
  0x000002365befcce0 JavaThread "Driver Service Executor" daemon [_thread_in_native, id=24912, stack(0x000000ccb5300000,0x000000ccb5400000)]
  0x000002365b9f35e0 JavaThread "UrlChecker-2" daemon [_thread_blocked, id=23164, stack(0x000000ccb5400000,0x000000ccb5500000)]
  0x000002365b9f52c0 JavaThread "JdkHttpClient-0-0" daemon [_thread_blocked, id=24148, stack(0x000000ccb5600000,0x000000ccb5700000)]
  0x000002365b9f1dd0 JavaThread "JdkHttpClient-0-1" daemon [_thread_blocked, id=15976, stack(0x000000ccb5700000,0x000000ccb5800000)]
  0x000002365b9f3110 JavaThread "JdkHttpClient-0-2" daemon [_thread_blocked, id=13144, stack(0x000000ccb5800000,0x000000ccb5900000)]
  0x000002365b9f2c40 JavaThread "HttpClient-2-SelectorManager" daemon [_thread_in_native, id=7144, stack(0x000000ccb4900000,0x000000ccb4a00000)]
  0x000002365b9f3f80 JavaThread "JdkHttpClient-1-0" daemon [_thread_blocked, id=24856, stack(0x000000ccb5900000,0x000000ccb5a00000)]
  0x000002365b9f22a0 JavaThread "JdkHttpClient-1-1" daemon [_thread_blocked, id=6896, stack(0x000000ccb5a00000,0x000000ccb5b00000)]
  0x000002365b9f4920 JavaThread "JdkHttpClient-1-2" daemon [_thread_blocked, id=18060, stack(0x000000ccb5b00000,0x000000ccb5c00000)]

Other Threads:
  0x00000236157af6b0 VMThread "VM Thread" [stack: 0x000000ccb3b00000,0x000000ccb3c00000] [id=12676]
  0x0000023615ad91a0 WatcherThread [stack: 0x000000ccb4800000,0x000000ccb4900000] [id=25200]
  0x000002367807ba10 GCTaskThread "GC Thread#0" [stack: 0x000000ccb3600000,0x000000ccb3700000] [id=12936]
  0x000002365b9d1650 GCTaskThread "GC Thread#1" [stack: 0x000000ccb4a00000,0x000000ccb4b00000] [id=13404]
  0x000002365b9d1900 GCTaskThread "GC Thread#2" [stack: 0x000000ccb4b00000,0x000000ccb4c00000] [id=20692]
  0x000002365b7a3580 GCTaskThread "GC Thread#3" [stack: 0x000000ccb4c00000,0x000000ccb4d00000] [id=20908]
  0x000002367808c190 ConcurrentGCThread "G1 Main Marker" [stack: 0x000000ccb3700000,0x000000ccb3800000] [id=16872]
  0x000002367808caa0 ConcurrentGCThread "G1 Conc#0" [stack: 0x000000ccb3800000,0x000000ccb3900000] [id=25192]
  0x00000236780d71d0 ConcurrentGCThread "G1 Refine#0" [stack: 0x000000ccb3900000,0x000000ccb3a00000] [id=2988]
  0x000002365b324be0 ConcurrentGCThread "G1 Refine#1" [stack: 0x000000ccb4d00000,0x000000ccb4e00000] [id=3904]
  0x00000236780d8a10 ConcurrentGCThread "G1 Service" [stack: 0x000000ccb3a00000,0x000000ccb3b00000] [id=14172]

Threads with active compile tasks:
C2 CompilerThread0    22327 2933   !   4       java.util.zip.InflaterInputStream::read (138 bytes)

VM state: at safepoint (normal execution)

VM Mutex/Monitor currently owned by a thread:  ([mutex/lock_event])
[0x000002367801c260] Threads_lock - owner thread: 0x00000236157af6b0
[0x000002367801cfe0] Heap_lock - owner thread: 0x0000023678020fc0

Heap address: 0x0000000083600000, size: 1994 MB, Compressed Oops mode: 32-bit

CDS archive(s) mapped at: [0x0000023616000000-0x0000023616bd0000-0x0000023616bd0000), size 12386304, SharedBaseAddress: 0x0000023616000000, ArchiveRelocationMode: 1.
Compressed class space mapped at: 0x0000023617000000-0x0000023657000000, reserved size: 1073741824
Narrow klass base: 0x0000023616000000, Narrow klass shift: 0, Narrow klass range: 0x100000000

GC Precious Log:
 CPUs: 4 total, 4 available
 Memory: 7975M
 Large Page Support: Disabled
 NUMA Support: Disabled
 Compressed Oops: Enabled (32-bit)
 Heap Region Size: 1M
 Heap Min Capacity: 8M
 Heap Initial Capacity: 126M
 Heap Max Capacity: 1994M
 Pre-touch: Disabled
 Parallel Workers: 4
 Concurrent Workers: 1
 Concurrent Refinement Workers: 4
 Periodic GC: Disabled

Heap:
 garbage-first heap   total 55296K, used 37663K [0x0000000083600000, 0x0000000100000000)
  region size 1024K, 25 young (25600K), 2 survivors (2048K)
 Metaspace       used 27499K, committed 27840K, reserved 1114112K
  class space    used 3385K, committed 3520K, reserved 1048576K

Heap Regions: E=young(eden), S=young(survivor), O=old, HS=humongous(starts), HC=humongous(continues), CS=collection set, F=free, OA=open archive, CA=closed archive, TAMS=top-at-mark-start (previous, next)
|   0|0x0000000083600000, 0x0000000083700000, 0x0000000083700000|100%| O|  |TAMS 0x0000000083700000, 0x0000000083600000| Untracked 
|   1|0x0000000083700000, 0x0000000083800000, 0x0000000083800000|100%| O|  |TAMS 0x0000000083800000, 0x0000000083700000| Untracked 
|   2|0x0000000083800000, 0x0000000083900000, 0x0000000083900000|100%| O|  |TAMS 0x0000000083900000, 0x0000000083800000| Untracked 
|   3|0x0000000083900000, 0x0000000083a00000, 0x0000000083a00000|100%| O|  |TAMS 0x0000000083a00000, 0x0000000083900000| Untracked 
|   4|0x0000000083a00000, 0x0000000083b00000, 0x0000000083b00000|100%| O|  |TAMS 0x0000000083b00000, 0x0000000083a00000| Untracked 
|   5|0x0000000083b00000, 0x0000000083c00000, 0x0000000083c00000|100%| O|  |TAMS 0x0000000083c00000, 0x0000000083b00000| Untracked 
|   6|0x0000000083c00000, 0x0000000083d00000, 0x0000000083d00000|100%| O|  |TAMS 0x0000000083d00000, 0x0000000083c00000| Untracked 
|   7|0x0000000083d00000, 0x0000000083e00000, 0x0000000083e00000|100%| O|  |TAMS 0x0000000083e00000, 0x0000000083d00000| Untracked 
|   8|0x0000000083e00000, 0x0000000083f00000, 0x0000000083f00000|100%| O|  |TAMS 0x0000000083e00000, 0x0000000083e00000| Untracked 
|   9|0x0000000083f00000, 0x0000000083fce210, 0x0000000084000000| 82%| O|  |TAMS 0x0000000083f00000, 0x0000000083f00000| Untracked 
|  10|0x0000000084000000, 0x0000000084000000, 0x0000000084100000|  0%| F|  |TAMS 0x0000000084000000, 0x0000000084000000| Untracked 
|  11|0x0000000084100000, 0x0000000084100000, 0x0000000084200000|  0%| F|  |TAMS 0x0000000084100000, 0x0000000084100000| Untracked 
|  12|0x0000000084200000, 0x0000000084200000, 0x0000000084300000|  0%| F|  |TAMS 0x0000000084200000, 0x0000000084200000| Untracked 
|  13|0x0000000084300000, 0x0000000084300000, 0x0000000084400000|  0%| F|  |TAMS 0x0000000084300000, 0x0000000084300000| Untracked 
|  14|0x0000000084400000, 0x00000000844c7fc0, 0x0000000084500000| 78%| E|CS|TAMS 0x0000000084400000, 0x0000000084400000| Complete 
|  15|0x0000000084500000, 0x0000000084600000, 0x0000000084600000|100%| E|CS|TAMS 0x0000000084500000, 0x0000000084500000| Complete 
|  16|0x0000000084600000, 0x0000000084700000, 0x0000000084700000|100%| E|CS|TAMS 0x0000000084600000, 0x0000000084600000| Complete 
|  17|0x0000000084700000, 0x0000000084800000, 0x0000000084800000|100%| E|CS|TAMS 0x0000000084700000, 0x0000000084700000| Complete 
|  18|0x0000000084800000, 0x0000000084900000, 0x0000000084900000|100%| E|CS|TAMS 0x0000000084800000, 0x0000000084800000| Complete 
|  19|0x0000000084900000, 0x0000000084a00000, 0x0000000084a00000|100%| E|CS|TAMS 0x0000000084900000, 0x0000000084900000| Complete 
|  20|0x0000000084a00000, 0x0000000084a00000, 0x0000000084b00000|  0%| F|  |TAMS 0x0000000084a00000, 0x0000000084a00000| Untracked 
|  21|0x0000000084b00000, 0x0000000084b00000, 0x0000000084c00000|  0%| F|  |TAMS 0x0000000084b00000, 0x0000000084b00000| Untracked 
|  22|0x0000000084c00000, 0x0000000084c00000, 0x0000000084d00000|  0%| F|  |TAMS 0x0000000084c00000, 0x0000000084c00000| Untracked 
|  23|0x0000000084d00000, 0x0000000084d00000, 0x0000000084e00000|  0%| F|  |TAMS 0x0000000084d00000, 0x0000000084d00000| Untracked 
|  24|0x0000000084e00000, 0x0000000084e00000, 0x0000000084f00000|  0%| F|  |TAMS 0x0000000084e00000, 0x0000000084e00000| Untracked 
|  25|0x0000000084f00000, 0x0000000084f00000, 0x0000000085000000|  0%| F|  |TAMS 0x0000000084f00000, 0x0000000084f00000| Untracked 
|  26|0x0000000085000000, 0x0000000085000000, 0x0000000085100000|  0%| F|  |TAMS 0x0000000085000000, 0x0000000085000000| Untracked 
|  27|0x0000000085100000, 0x0000000085100000, 0x0000000085200000|  0%| F|  |TAMS 0x0000000085100000, 0x0000000085100000| Untracked 
|  28|0x0000000085200000, 0x0000000085200000, 0x0000000085300000|  0%| F|  |TAMS 0x0000000085200000, 0x0000000085200000| Untracked 
|  29|0x0000000085300000, 0x0000000085380000, 0x0000000085400000| 50%| S|  |TAMS 0x0000000085300000, 0x0000000085300000| Complete 
|  30|0x0000000085400000, 0x0000000085500000, 0x0000000085500000|100%| S|  |TAMS 0x0000000085400000, 0x0000000085400000| Complete 
|  31|0x0000000085500000, 0x0000000085600000, 0x0000000085600000|100%| E|CS|TAMS 0x0000000085500000, 0x0000000085500000| Complete 
|  32|0x0000000085600000, 0x0000000085700000, 0x0000000085700000|100%| E|CS|TAMS 0x0000000085600000, 0x0000000085600000| Complete 
|  33|0x0000000085700000, 0x0000000085800000, 0x0000000085800000|100%| E|CS|TAMS 0x0000000085700000, 0x0000000085700000| Complete 
|  34|0x0000000085800000, 0x0000000085900000, 0x0000000085900000|100%| E|CS|TAMS 0x0000000085800000, 0x0000000085800000| Complete 
|  35|0x0000000085900000, 0x0000000085a00000, 0x0000000085a00000|100%| E|CS|TAMS 0x0000000085900000, 0x0000000085900000| Complete 
|  36|0x0000000085a00000, 0x0000000085b00000, 0x0000000085b00000|100%| E|CS|TAMS 0x0000000085a00000, 0x0000000085a00000| Complete 
|  37|0x0000000085b00000, 0x0000000085c00000, 0x0000000085c00000|100%| E|CS|TAMS 0x0000000085b00000, 0x0000000085b00000| Complete 
|  38|0x0000000085c00000, 0x0000000085d00000, 0x0000000085d00000|100%| E|CS|TAMS 0x0000000085c00000, 0x0000000085c00000| Complete 
|  39|0x0000000085d00000, 0x0000000085e00000, 0x0000000085e00000|100%| E|CS|TAMS 0x0000000085d00000, 0x0000000085d00000| Complete 
|  40|0x0000000085e00000, 0x0000000085f00000, 0x0000000085f00000|100%| E|CS|TAMS 0x0000000085e00000, 0x0000000085e00000| Complete 
|  41|0x0000000085f00000, 0x0000000086000000, 0x0000000086000000|100%| E|CS|TAMS 0x0000000085f00000, 0x0000000085f00000| Complete 
|  42|0x0000000086000000, 0x0000000086100000, 0x0000000086100000|100%| E|CS|TAMS 0x0000000086000000, 0x0000000086000000| Complete 
|  43|0x0000000086100000, 0x0000000086200000, 0x0000000086200000|100%| E|CS|TAMS 0x0000000086100000, 0x0000000086100000| Complete 
|  44|0x0000000086200000, 0x0000000086300000, 0x0000000086300000|100%| E|CS|TAMS 0x0000000086200000, 0x0000000086200000| Complete 
|  45|0x0000000086300000, 0x0000000086400000, 0x0000000086400000|100%| E|CS|TAMS 0x0000000086300000, 0x0000000086300000| Complete 
|  95|0x0000000089500000, 0x0000000089600000, 0x0000000089600000|100%| E|CS|TAMS 0x0000000089500000, 0x0000000089500000| Complete 
|  96|0x0000000089600000, 0x0000000089700000, 0x0000000089700000|100%| E|CS|TAMS 0x0000000089600000, 0x0000000089600000| Complete 
|  97|0x0000000089700000, 0x0000000089800000, 0x0000000089800000|100%| E|CS|TAMS 0x0000000089700000, 0x0000000089700000| Complete 
|  98|0x0000000089800000, 0x0000000089900000, 0x0000000089900000|100%| E|CS|TAMS 0x0000000089800000, 0x0000000089800000| Complete 
|  99|0x0000000089900000, 0x0000000089a00000, 0x0000000089a00000|100%| E|CS|TAMS 0x0000000089900000, 0x0000000089900000| Complete 
| 123|0x000000008b100000, 0x000000008b200000, 0x000000008b200000|100%| E|CS|TAMS 0x000000008b100000, 0x000000008b100000| Complete 
| 124|0x000000008b200000, 0x000000008b300000, 0x000000008b300000|100%| E|CS|TAMS 0x000000008b200000, 0x000000008b200000| Complete 
| 125|0x000000008b300000, 0x000000008b400000, 0x000000008b400000|100%| E|CS|TAMS 0x000000008b300000, 0x000000008b300000| Complete 

Card table byte_map: [0x000002360f000000,0x000002360f3f0000] _byte_map_base: 0x000002360ebe5000

Marking Bits (Prev, Next): (CMBitMap*) 0x000002367807bf60, (CMBitMap*) 0x000002367807bf20
 Prev Bits: [0x0000023611710000, 0x0000023613638000)
 Next Bits: [0x000002360f7e0000, 0x0000023611708000)

Polling page: 0x00000236777e0000

Metaspace:

Usage:
  Non-class:     23.55 MB used.
      Class:      3.31 MB used.
       Both:     26.86 MB used.

Virtual space:
  Non-class space:       64.00 MB reserved,      23.75 MB ( 37%) committed,  1 nodes.
      Class space:        1.00 GB reserved,       3.44 MB ( <1%) committed,  1 nodes.
             Both:        1.06 GB reserved,      27.19 MB (  2%) committed. 

Chunk freelists:
   Non-Class:  8.08 MB
       Class:  12.51 MB
        Both:  20.59 MB

MaxMetaspaceSize: unlimited
CompressedClassSpaceSize: 1.00 GB
Initial GC threshold: 21.00 MB
Current GC threshold: 35.31 MB
CDS: on
MetaspaceReclaimPolicy: balanced
 - commit_granule_bytes: 65536.
 - commit_granule_words: 8192.
 - virtual_space_node_default_size: 8388608.
 - enlarge_chunks_in_place: 1.
 - new_chunks_are_fully_committed: 0.
 - uncommit_free_chunks: 1.
 - use_allocation_guard: 0.
 - handle_deallocations: 1.


Internal statistics:

num_allocs_failed_limit: 3.
num_arena_births: 434.
num_arena_deaths: 2.
num_vsnodes_births: 2.
num_vsnodes_deaths: 0.
num_space_committed: 435.
num_space_uncommitted: 0.
num_chunks_returned_to_freelist: 5.
num_chunks_taken_from_freelist: 1197.
num_chunk_merges: 3.
num_chunk_splits: 778.
num_chunks_enlarged: 539.
num_purges: 2.
num_inconsistent_stats: 0.

CodeHeap 'non-profiled nmethods': size=120000Kb used=1272Kb max_used=1272Kb free=118727Kb
 bounds [0x0000023607ad0000, 0x0000023607d40000, 0x000002360f000000]
CodeHeap 'profiled nmethods': size=120000Kb used=5951Kb max_used=5951Kb free=114049Kb
 bounds [0x0000023600000000, 0x00000236005d0000, 0x0000023607530000]
CodeHeap 'non-nmethods': size=5760Kb used=1280Kb max_used=1297Kb free=4479Kb
 bounds [0x0000023607530000, 0x00000236077a0000, 0x0000023607ad0000]
 total_blobs=3523 nmethods=2944 adapters=491
 compilation: enabled
              stopped_count=0, restarted_count=0
 full_count=0

Compilation events (20 events):
Event: 22.237 Thread 0x00000236157e0d30 2937       3       org.apache.xmlbeans.impl.util.LongUTFDataInputStream::readUnsignedShortOrInt (5 bytes)
Event: 22.237 Thread 0x00000236157e0d30 nmethod 2937 0x00000236005cc110 code [0x00000236005cc2c0, 0x00000236005cc4d8]
Event: 22.237 Thread 0x00000236157e0d30 2936       3       org.apache.xmlbeans.impl.schema.SchemaTypeSystemImpl$StringPool::codeForString (65 bytes)
Event: 22.237 Thread 0x00000236157e0d30 nmethod 2936 0x00000236005cc610 code [0x00000236005cc820, 0x00000236005cd0d8]
Event: 22.239 Thread 0x00000236157e0d30 2940       3       org.apache.xmlbeans.impl.schema.XsbReader::readString (14 bytes)
Event: 22.240 Thread 0x00000236157e0d30 nmethod 2940 0x00000236005cd390 code [0x00000236005cd560, 0x00000236005cd938]
Event: 22.240 Thread 0x00000236157e0d30 2941   !   3       org.apache.xmlbeans.impl.schema.XsbReader::readUnsignedShortOrInt (35 bytes)
Event: 22.241 Thread 0x00000236157e0d30 nmethod 2941 0x00000236005cda90 code [0x00000236005cdc60, 0x00000236005ce148]
Event: 22.241 Thread 0x00000236157e0d30 2942       3       org.apache.xmlbeans.impl.schema.SchemaTypeSystemImpl$StringPool::stringForCode (22 bytes)
Event: 22.241 Thread 0x00000236157e0d30 nmethod 2942 0x00000236005ce390 code [0x00000236005ce540, 0x00000236005ce868]
Event: 22.241 Thread 0x00000236157e0d30 2943       1       org.apache.xmlbeans.impl.schema.SchemaTypeSystemImpl::getTypePool (5 bytes)
Event: 22.242 Thread 0x00000236157e0d30 nmethod 2943 0x0000023607c0dc10 code [0x0000023607c0dda0, 0x0000023607c0de78]
Event: 22.242 Thread 0x00000236157e0d30 2944   !   3       org.apache.xmlbeans.impl.schema.XsbReader::readShort (35 bytes)
Event: 22.256 Thread 0x00000236157e0d30 nmethod 2944 0x00000236005ce990 code [0x00000236005ceb40, 0x00000236005ceef8]
Event: 22.256 Thread 0x00000236157e0d30 2945       1       javax.xml.namespace.QName::getNamespaceURI (5 bytes)
Event: 22.256 Thread 0x00000236157e0d30 nmethod 2945 0x0000023607c0df10 code [0x0000023607c0e0a0, 0x0000023607c0e178]
Event: 22.257 Thread 0x00000236157e0d30 2946       3       java.lang.Character::isLetterOrDigit (5 bytes)
Event: 22.258 Thread 0x00000236157e0d30 nmethod 2946 0x00000236005cf090 code [0x00000236005cf260, 0x00000236005cf578]
Event: 22.258 Thread 0x00000236157e0d30 2947       3       java.lang.Character::isLetterOrDigit (19 bytes)
Event: 22.258 Thread 0x00000236157e0d30 nmethod 2947 0x00000236005cf690 code [0x00000236005cf840, 0x00000236005cfaf8]

GC Heap History (10 events):
Event: 0.922 GC heap before
{Heap before GC invocations=0 (full 0):
 garbage-first heap   total 129024K, used 12288K [0x0000000083600000, 0x0000000100000000)
  region size 1024K, 13 young (13312K), 0 survivors (0K)
 Metaspace       used 4657K, committed 4800K, reserved 1114112K
  class space    used 500K, committed 576K, reserved 1048576K
}
Event: 0.927 GC heap after
{Heap after GC invocations=1 (full 0):
 garbage-first heap   total 129024K, used 5962K [0x0000000083600000, 0x0000000100000000)
  region size 1024K, 2 young (2048K), 2 survivors (2048K)
 Metaspace       used 4657K, committed 4800K, reserved 1114112K
  class space    used 500K, committed 576K, reserved 1048576K
}
Event: 1.252 GC heap before
{Heap before GC invocations=1 (full 0):
 garbage-first heap   total 129024K, used 16202K [0x0000000083600000, 0x0000000100000000)
  region size 1024K, 12 young (12288K), 2 survivors (2048K)
 Metaspace       used 7179K, committed 7424K, reserved 1114112K
  class space    used 806K, committed 896K, reserved 1048576K
}
Event: 1.257 GC heap after
{Heap after GC invocations=2 (full 0):
 garbage-first heap   total 129024K, used 7953K [0x0000000083600000, 0x0000000100000000)
  region size 1024K, 2 young (2048K), 2 survivors (2048K)
 Metaspace       used 7179K, committed 7424K, reserved 1114112K
  class space    used 806K, committed 896K, reserved 1048576K
}
Event: 2.037 GC heap before
{Heap before GC invocations=2 (full 0):
 garbage-first heap   total 129024K, used 29457K [0x0000000083600000, 0x0000000100000000)
  region size 1024K, 23 young (23552K), 2 survivors (2048K)
 Metaspace       used 14199K, committed 14528K, reserved 1114112K
  class space    used 1624K, committed 1792K, reserved 1048576K
}
Event: 2.044 GC heap after
{Heap after GC invocations=3 (full 0):
 garbage-first heap   total 129024K, used 11264K [0x0000000083600000, 0x0000000100000000)
  region size 1024K, 3 young (3072K), 3 survivors (3072K)
 Metaspace       used 14199K, committed 14528K, reserved 1114112K
  class space    used 1624K, committed 1792K, reserved 1048576K
}
Event: 5.202 GC heap before
{Heap before GC invocations=3 (full 0):
 garbage-first heap   total 129024K, used 33792K [0x0000000083600000, 0x0000000100000000)
  region size 1024K, 26 young (26624K), 3 survivors (3072K)
 Metaspace       used 21229K, committed 21504K, reserved 1114112K
  class space    used 2607K, committed 2752K, reserved 1048576K
}
Event: 5.209 GC heap after
{Heap after GC invocations=4 (full 0):
 garbage-first heap   total 129024K, used 13004K [0x0000000083600000, 0x0000000100000000)
  region size 1024K, 5 young (5120K), 5 survivors (5120K)
 Metaspace       used 21229K, committed 21504K, reserved 1114112K
  class space    used 2607K, committed 2752K, reserved 1048576K
}
Event: 22.242 GC heap before
{Heap before GC invocations=5 (full 0):
 garbage-first heap   total 55296K, used 41676K [0x0000000083600000, 0x0000000100000000)
  region size 1024K, 34 young (34816K), 5 survivors (5120K)
 Metaspace       used 27498K, committed 27840K, reserved 1114112K
  class space    used 3385K, committed 3520K, reserved 1048576K
}
Event: 22.255 GC heap after
{Heap after GC invocations=6 (full 0):
 garbage-first heap   total 55296K, used 14111K [0x0000000083600000, 0x0000000100000000)
  region size 1024K, 6 young (6144K), 6 survivors (6144K)
 Metaspace       used 27498K, committed 27840K, reserved 1114112K
  class space    used 3385K, committed 3520K, reserved 1048576K
}

Deoptimization events (20 events):
Event: 21.485 Thread 0x0000023678020fc0 DEOPT PACKING pc=0x00000236003e1e43 sp=0x000000ccb35fd0b0
Event: 21.485 Thread 0x0000023678020fc0 DEOPT UNPACKING pc=0x00000236075866e3 sp=0x000000ccb35fc548 mode 0
Event: 21.485 Thread 0x0000023678020fc0 DEOPT PACKING pc=0x00000236003e1e43 sp=0x000000ccb35fd0b0
Event: 21.485 Thread 0x0000023678020fc0 DEOPT UNPACKING pc=0x00000236075866e3 sp=0x000000ccb35fc548 mode 0
Event: 21.486 Thread 0x0000023678020fc0 DEOPT PACKING pc=0x00000236003e1e43 sp=0x000000ccb35fd0b0
Event: 21.486 Thread 0x0000023678020fc0 DEOPT UNPACKING pc=0x00000236075866e3 sp=0x000000ccb35fc548 mode 0
Event: 21.486 Thread 0x0000023678020fc0 DEOPT PACKING pc=0x00000236003e1e43 sp=0x000000ccb35fd0b0
Event: 21.486 Thread 0x0000023678020fc0 DEOPT UNPACKING pc=0x00000236075866e3 sp=0x000000ccb35fc548 mode 0
Event: 21.645 Thread 0x0000023678020fc0 Uncommon trap: trap_request=0xffffff45 fr.pc=0x0000023607bd17e0 relative=0x00000000000000c0
Event: 21.645 Thread 0x0000023678020fc0 Uncommon trap: reason=unstable_if action=reinterpret pc=0x0000023607bd17e0 method=java.lang.CharacterDataLatin1.digit(II)I @ 7 c2
Event: 21.645 Thread 0x0000023678020fc0 DEOPT PACKING pc=0x0000023607bd17e0 sp=0x000000ccb35fce80
Event: 21.645 Thread 0x0000023678020fc0 DEOPT UNPACKING pc=0x0000023607585ba3 sp=0x000000ccb35fcd40 mode 2
Event: 21.645 Thread 0x0000023678020fc0 Uncommon trap: trap_request=0xffffff45 fr.pc=0x0000023607b662b4 relative=0x0000000000000094
Event: 21.645 Thread 0x0000023678020fc0 Uncommon trap: reason=unstable_if action=reinterpret pc=0x0000023607b662b4 method=java.lang.CharacterDataLatin1.digit(II)I @ 7 c2
Event: 21.645 Thread 0x0000023678020fc0 DEOPT PACKING pc=0x0000023607b662b4 sp=0x000000ccb35fcde0
Event: 21.645 Thread 0x0000023678020fc0 DEOPT UNPACKING pc=0x0000023607585ba3 sp=0x000000ccb35fcd60 mode 2
Event: 22.191 Thread 0x0000023678020fc0 Uncommon trap: trap_request=0xffffff45 fr.pc=0x0000023607b15d00 relative=0x0000000000000c00
Event: 22.191 Thread 0x0000023678020fc0 Uncommon trap: reason=unstable_if action=reinterpret pc=0x0000023607b15d00 method=java.util.jar.JarFile.getVersionedEntry(Ljava/lang/String;Ljava/util/jar/JarEntry;)Ljava/util/jar/JarEntry; @ 26 c2
Event: 22.191 Thread 0x0000023678020fc0 DEOPT PACKING pc=0x0000023607b15d00 sp=0x000000ccb35f8730
Event: 22.191 Thread 0x0000023678020fc0 DEOPT UNPACKING pc=0x0000023607585ba3 sp=0x000000ccb35f86a0 mode 2

Classes unloaded (1 events):
Event: 5.224 Thread 0x00000236157af6b0 Unloading class 0x0000023617002000 'java/lang/invoke/LambdaForm$DMH+0x0000023617002000'

Classes redefined (0 events):
No events

Internal exceptions (20 events):
Event: 3.829 Thread 0x0000023678020fc0 Exception <a 'java/lang/NoSuchMethodError'{0x000000008a46ed60}: 'java.lang.Object java.lang.invoke.DirectMethodHandle$Holder.newInvokeSpecial(java.lang.Object, java.lang.Object, int, int)'> (0x000000008a46ed60) 
thrown [s\open\src\hotspot\share\interpreter\linkResolver.cpp, line 759]
Event: 3.830 Thread 0x0000023678020fc0 Exception <a 'java/lang/NoSuchMethodError'{0x000000008a479ab0}: 'void java.lang.invoke.DirectMethodHandle$Holder.invokeStatic(java.lang.Object, java.lang.Object, int)'> (0x000000008a479ab0) 
thrown [s\open\src\hotspot\share\interpreter\linkResolver.cpp, line 759]
Event: 3.880 Thread 0x000002365b9f52c0 Exception <a 'java/lang/NoSuchMethodError'{0x000000008a23f388}: 'java.lang.Object java.lang.invoke.DirectMethodHandle$Holder.invokeSpecial(java.lang.Object, java.lang.Object, java.lang.Object, java.lang.Object, int)'> (0x000000008a23f388) 
thrown [s\open\src\hotspot\share\interpreter\linkResolver.cpp, line 759]
Event: 3.880 Thread 0x000002365b9f52c0 Exception <a 'java/lang/NoSuchMethodError'{0x000000008a242f50}: 'java.lang.Object java.lang.invoke.Invokers$Holder.linkToTargetMethod(java.lang.Object, java.lang.Object, int, java.lang.Object)'> (0x000000008a242f50) 
thrown [s\open\src\hotspot\share\interpreter\linkResolver.cpp, line 759]
Event: 3.903 Thread 0x000002365b9f52c0 Exception <a 'java/lang/NoSuchMethodError'{0x000000008a294898}: 'void java.lang.invoke.DirectMethodHandle$Holder.invokeSpecial(java.lang.Object, java.lang.Object, java.lang.Object, java.lang.Object, java.lang.Object)'> (0x000000008a294898) 
thrown [s\open\src\hotspot\share\interpreter\linkResolver.cpp, line 759]
Event: 5.100 Thread 0x000002365b9f3110 Exception <a 'java/lang/NoSuchMethodError'{0x000000008a1c9448}: 'java.lang.Object java.lang.invoke.DirectMethodHandle$Holder.newInvokeSpecial(java.lang.Object, java.lang.Object, long, java.lang.Object, java.lang.Object, java.lang.Object)'> (0x000000008a1c9448) 
thrown [s\open\src\hotspot\share\interpreter\linkResolver.cpp, line 759]
Event: 5.110 Thread 0x000002365b9f3110 Exception <a 'java/lang/NoSuchMethodError'{0x000000008a1e1508}: 'void java.lang.invoke.DirectMethodHandle$Holder.invokeSpecial(java.lang.Object, java.lang.Object, java.lang.Object, java.lang.Object, java.lang.Object, java.lang.Object, java.lang.Object)'> (0x000000008a1e1508) 
thrown [s\open\src\hotspot\share\interpreter\linkResolver.cpp, line 759]
Event: 5.144 Thread 0x0000023678020fc0 Exception <a 'java/lang/NoSuchMethodError'{0x000000008a3c6558}: 'java.lang.Object java.lang.invoke.DirectMethodHandle$Holder.invokeSpecialIFC(java.lang.Object, java.lang.Object, java.lang.Object)'> (0x000000008a3c6558) 
thrown [s\open\src\hotspot\share\interpreter\linkResolver.cpp, line 759]
Event: 5.311 Thread 0x0000023678020fc0 Exception <a 'java/lang/ClassNotFoundException'{0x000000008639c0e0}: sun/util/logging/resources/spi/loggingProvider> (0x000000008639c0e0) 
thrown [s\open\src\hotspot\share\classfile\systemDictionary.cpp, line 256]
Event: 21.152 Thread 0x0000023678020fc0 Exception <a 'java/lang/NoSuchMethodError'{0x0000000085e2e3b0}: 'void java.lang.invoke.DirectMethodHandle$Holder.invokeStaticInit(java.lang.Object)'> (0x0000000085e2e3b0) 
thrown [s\open\src\hotspot\share\interpreter\linkResolver.cpp, line 759]
Event: 21.204 Thread 0x0000023678020fc0 Implicit null exception at 0x0000023607be1fea to 0x0000023607be2488
Event: 21.214 Thread 0x0000023678020fc0 Exception <a 'java/lang/NoSuchMethodError'{0x0000000085d561e8}: 'void java.lang.invoke.DelegatingMethodHandle$Holder.delegate(java.lang.Object, java.lang.Object, int, java.lang.Object)'> (0x0000000085d561e8) 
thrown [s\open\src\hotspot\share\interpreter\linkResolver.cpp, line 759]
Event: 21.230 Thread 0x0000023678020fc0 Exception <a 'java/lang/IncompatibleClassChangeError'{0x0000000085d9cb90}: Found class java.lang.Object, but interface was expected> (0x0000000085d9cb90) 
thrown [s\open\src\hotspot\share\interpreter\linkResolver.cpp, line 826]
Event: 21.339 Thread 0x0000023678020fc0 Exception <a 'java/lang/NoSuchMethodError'{0x0000000085ccf188}: 'int java.lang.invoke.DirectMethodHandle$Holder.invokeSpecial(java.lang.Object, java.lang.Object, int)'> (0x0000000085ccf188) 
thrown [s\open\src\hotspot\share\interpreter\linkResolver.cpp, line 759]
Event: 21.505 Thread 0x0000023678020fc0 Exception <a 'java/lang/NoSuchMethodError'{0x0000000085818a10}: 'void java.lang.invoke.DirectMethodHandle$Holder.invokeVirtual(java.lang.Object, java.lang.Object, java.lang.Object, java.lang.Object)'> (0x0000000085818a10) 
thrown [s\open\src\hotspot\share\interpreter\linkResolver.cpp, line 759]
Event: 21.526 Thread 0x0000023678020fc0 Exception <a 'java/lang/NoSuchMethodError'{0x000000008584a938}: 'void java.lang.invoke.DirectMethodHandle$Holder.invokeStatic(java.lang.Object, java.lang.Object, java.lang.Object, int)'> (0x000000008584a938) 
thrown [s\open\src\hotspot\share\interpreter\linkResolver.cpp, line 759]
Event: 21.528 Thread 0x0000023678020fc0 Exception <a 'java/lang/NoSuchMethodError'{0x000000008584e0a0}: 'void java.lang.invoke.DirectMethodHandle$Holder.invokeStaticInit(java.lang.Object, java.lang.Object, java.lang.Object, int)'> (0x000000008584e0a0) 
thrown [s\open\src\hotspot\share\interpreter\linkResolver.cpp, line 759]
Event: 21.774 Thread 0x0000023678020fc0 Exception <a 'java/lang/NoSuchMethodError'{0x00000000855bbb68}: 'java.lang.Object java.lang.invoke.DirectMethodHandle$Holder.invokeStaticInit(java.lang.Object, java.lang.Object, java.lang.Object)'> (0x00000000855bbb68) 
thrown [s\open\src\hotspot\share\interpreter\linkResolver.cpp, line 759]
Event: 21.775 Thread 0x0000023678020fc0 Exception <a 'java/lang/NoSuchMethodError'{0x00000000855c1e70}: 'java.lang.Object java.lang.invoke.DirectMethodHandle$Holder.invokeStatic(java.lang.Object, java.lang.Object, int, int)'> (0x00000000855c1e70) 
thrown [s\open\src\hotspot\share\interpreter\linkResolver.cpp, line 759]
Event: 21.775 Thread 0x0000023678020fc0 Exception <a 'java/lang/NoSuchMethodError'{0x00000000855c57b8}: 'java.lang.Object java.lang.invoke.DirectMethodHandle$Holder.invokeStaticInit(java.lang.Object, java.lang.Object, int, int)'> (0x00000000855c57b8) 
thrown [s\open\src\hotspot\share\interpreter\linkResolver.cpp, line 759]

VM Operations (20 events):
Event: 6.244 Executing VM operation: Cleanup
Event: 6.244 Executing VM operation: Cleanup done
Event: 9.264 Executing VM operation: Cleanup
Event: 9.264 Executing VM operation: Cleanup done
Event: 11.281 Executing VM operation: Cleanup
Event: 11.281 Executing VM operation: Cleanup done
Event: 14.310 Executing VM operation: Cleanup
Event: 14.310 Executing VM operation: Cleanup done
Event: 17.341 Executing VM operation: Cleanup
Event: 17.341 Executing VM operation: Cleanup done
Event: 20.357 Executing VM operation: Cleanup
Event: 20.357 Executing VM operation: Cleanup done
Event: 21.209 Executing VM operation: HandshakeAllThreads
Event: 21.209 Executing VM operation: HandshakeAllThreads done
Event: 22.217 Executing VM operation: Cleanup
Event: 22.218 Executing VM operation: Cleanup done
Event: 22.220 Executing VM operation: HandshakeAllThreads
Event: 22.220 Executing VM operation: HandshakeAllThreads done
Event: 22.242 Executing VM operation: G1CollectForAllocation
Event: 22.255 Executing VM operation: G1CollectForAllocation done

Events (20 events):
Event: 21.800 loading class java/time/temporal/WeekFields
Event: 21.806 loading class java/time/temporal/WeekFields done
Event: 21.806 loading class java/time/temporal/WeekFields$ComputedDayOfField
Event: 21.821 loading class java/time/temporal/WeekFields$ComputedDayOfField done
Event: 21.846 loading class javax/xml/stream/XMLStreamException
Event: 21.846 loading class javax/xml/stream/XMLStreamException done
Event: 21.973 loading class java/security/DigestInputStream
Event: 21.975 loading class java/security/DigestInputStream done
Event: 22.140 loading class javax/xml/namespace/QName
Event: 22.140 loading class javax/xml/namespace/QName done
Event: 22.187 loading class java/util/ResourceBundle$ResourceBundleControlProviderHolder
Event: 22.188 loading class java/util/ResourceBundle$ResourceBundleControlProviderHolder done
Event: 22.188 loading class java/util/spi/ResourceBundleControlProvider
Event: 22.188 loading class java/util/spi/ResourceBundleControlProvider done
Event: 22.189 loading class java/util/ServiceLoader$ProviderSpliterator
Event: 22.189 loading class java/util/ServiceLoader$ProviderSpliterator done
Event: 22.190 loading class java/util/ResourceBundle$Control$2
Event: 22.190 loading class java/util/ResourceBundle$Control$2 done
Event: 22.220 loading class java/io/UTFDataFormatException
Event: 22.220 loading class java/io/UTFDataFormatException done


Dynamic libraries:
0x00007ff7eafc0000 - 0x00007ff7eafd0000 	C:\Program Files\Java\jdk-17\bin\java.exe
0x00007fffb4530000 - 0x00007fffb4747000 	C:\WINDOWS\SYSTEM32\ntdll.dll
0x00007fffb2f20000 - 0x00007fffb2fe4000 	C:\WINDOWS\System32\KERNEL32.DLL
0x00007fffb1bd0000 - 0x00007fffb1f8a000 	C:\WINDOWS\System32\KERNELBASE.dll
0x00007fffb1a10000 - 0x00007fffb1b21000 	C:\WINDOWS\System32\ucrtbase.dll
0x00007fffa3f70000 - 0x00007fffa3f89000 	C:\Program Files\Java\jdk-17\bin\jli.dll
0x00007fffa3ef0000 - 0x00007fffa3f0b000 	C:\Program Files\Java\jdk-17\bin\VCRUNTIME140.dll
0x00007fffb4380000 - 0x00007fffb4432000 	C:\WINDOWS\System32\ADVAPI32.dll
0x00007fffb23b0000 - 0x00007fffb2457000 	C:\WINDOWS\System32\msvcrt.dll
0x00007fffb3c20000 - 0x00007fffb3cc8000 	C:\WINDOWS\System32\sechost.dll
0x00007fffb19e0000 - 0x00007fffb1a08000 	C:\WINDOWS\System32\bcrypt.dll
0x00007fffb40c0000 - 0x00007fffb41d4000 	C:\WINDOWS\System32\RPCRT4.dll
0x00007fffb3cd0000 - 0x00007fffb3e7f000 	C:\WINDOWS\System32\USER32.dll
0x00007fffb1820000 - 0x00007fffb1846000 	C:\WINDOWS\System32\win32u.dll
0x00007fffb3e80000 - 0x00007fffb3ea9000 	C:\WINDOWS\System32\GDI32.dll
0x00007fffb18c0000 - 0x00007fffb19db000 	C:\WINDOWS\System32\gdi32full.dll
0x00007fff9d7e0000 - 0x00007fff9da72000 	C:\WINDOWS\WinSxS\amd64_microsoft.windows.common-controls_6595b64144ccf1df_6.0.22621.4291_none_2715d3a373803e45\COMCTL32.dll
0x00007fffb1b30000 - 0x00007fffb1bca000 	C:\WINDOWS\System32\msvcp_win.dll
0x00007fffa2c90000 - 0x00007fffa2c9a000 	C:\WINDOWS\SYSTEM32\VERSION.dll
0x00007fffb42c0000 - 0x00007fffb42f1000 	C:\WINDOWS\System32\IMM32.DLL
0x00007fffa4730000 - 0x00007fffa473c000 	C:\Program Files\Java\jdk-17\bin\vcruntime140_1.dll
0x00007fff5f2b0000 - 0x00007fff5f33e000 	C:\Program Files\Java\jdk-17\bin\msvcp140.dll
0x00007fff2ecf0000 - 0x00007fff2f8ce000 	C:\Program Files\Java\jdk-17\bin\server\jvm.dll
0x00007fffb3c00000 - 0x00007fffb3c08000 	C:\WINDOWS\System32\PSAPI.DLL
0x00007fffa9a70000 - 0x00007fffa9a79000 	C:\WINDOWS\SYSTEM32\WSOCK32.dll
0x00007fffb4300000 - 0x00007fffb4371000 	C:\WINDOWS\System32\WS2_32.dll
0x00007fffad0e0000 - 0x00007fffad114000 	C:\WINDOWS\SYSTEM32\WINMM.dll
0x00007fffb0830000 - 0x00007fffb0848000 	C:\WINDOWS\SYSTEM32\kernel.appcore.dll
0x00007fffa3ee0000 - 0x00007fffa3eea000 	C:\Program Files\Java\jdk-17\bin\jimage.dll
0x00007fffaf080000 - 0x00007fffaf2b2000 	C:\WINDOWS\SYSTEM32\DBGHELP.DLL
0x00007fffb3870000 - 0x00007fffb3bff000 	C:\WINDOWS\System32\combase.dll
0x00007fffb41e0000 - 0x00007fffb42b7000 	C:\WINDOWS\System32\OLEAUT32.dll
0x00007fffad080000 - 0x00007fffad0b2000 	C:\WINDOWS\SYSTEM32\dbgcore.DLL
0x00007fffb21c0000 - 0x00007fffb223b000 	C:\WINDOWS\System32\bcryptPrimitives.dll
0x00007fff8e670000 - 0x00007fff8e67e000 	C:\Program Files\Java\jdk-17\bin\instrument.dll
0x00007fffa3b10000 - 0x00007fffa3b35000 	C:\Program Files\Java\jdk-17\bin\java.dll
0x00007fff4f5f0000 - 0x00007fff4f6c7000 	C:\Program Files\Java\jdk-17\bin\jsvml.dll
0x00007fffb2ff0000 - 0x00007fffb386b000 	C:\WINDOWS\System32\SHELL32.dll
0x00007fffaf730000 - 0x00007fffb0039000 	C:\WINDOWS\SYSTEM32\windows.storage.dll
0x00007fffaf5f0000 - 0x00007fffaf72f000 	C:\WINDOWS\SYSTEM32\wintypes.dll
0x00007fffb2e20000 - 0x00007fffb2f1a000 	C:\WINDOWS\System32\SHCORE.dll
0x00007fffb3eb0000 - 0x00007fffb3f0e000 	C:\WINDOWS\System32\shlwapi.dll
0x00007fffb1750000 - 0x00007fffb177b000 	C:\WINDOWS\SYSTEM32\profapi.dll
0x00007fff9a990000 - 0x00007fff9a9a8000 	C:\Program Files\Java\jdk-17\bin\zip.dll
0x00007fffa3ec0000 - 0x00007fffa3ed9000 	C:\Program Files\Java\jdk-17\bin\net.dll
0x00007fffab030000 - 0x00007fffab166000 	C:\WINDOWS\SYSTEM32\WINHTTP.dll
0x00007fffb0ca0000 - 0x00007fffb0d09000 	C:\WINDOWS\system32\mswsock.dll
0x00007fffa3e10000 - 0x00007fffa3e26000 	C:\Program Files\Java\jdk-17\bin\nio.dll
0x00007fff7c440000 - 0x00007fff7c45a000 	D:\IntelliJ IDEA\IntelliJ IDEA Community Edition 2023.3.2\bin\breakgen64.dll
0x00007fffb0ec0000 - 0x00007fffb0edb000 	C:\WINDOWS\SYSTEM32\CRYPTSP.dll
0x00007fffb0790000 - 0x00007fffb07c5000 	C:\WINDOWS\system32\rsaenh.dll
0x00007fffb0d60000 - 0x00007fffb0d88000 	C:\WINDOWS\SYSTEM32\USERENV.dll
0x00007fffb0ee0000 - 0x00007fffb0eec000 	C:\WINDOWS\SYSTEM32\CRYPTBASE.dll
0x00007fffb02a0000 - 0x00007fffb02cd000 	C:\WINDOWS\SYSTEM32\IPHLPAPI.DLL
0x00007fffb2ba0000 - 0x00007fffb2ba9000 	C:\WINDOWS\System32\NSI.dll
0x00007fffaa820000 - 0x00007fffaa839000 	C:\WINDOWS\SYSTEM32\dhcpcsvc6.DLL
0x00007fffaa800000 - 0x00007fffaa81f000 	C:\WINDOWS\SYSTEM32\dhcpcsvc.DLL
0x00007fffb02d0000 - 0x00007fffb03d2000 	C:\WINDOWS\SYSTEM32\DNSAPI.dll
0x00007fff93b20000 - 0x00007fff93b30000 	C:\Program Files\Java\jdk-17\bin\verify.dll
0x00007fff7bca0000 - 0x00007fff7bcae000 	C:\Program Files\Java\jdk-17\bin\sunmscapi.dll
0x00007fffb2050000 - 0x00007fffb21b6000 	C:\WINDOWS\System32\CRYPT32.dll
0x00007fffb11c0000 - 0x00007fffb11ed000 	C:\WINDOWS\SYSTEM32\ncrypt.dll
0x00007fffb1180000 - 0x00007fffb11b7000 	C:\WINDOWS\SYSTEM32\NTASN1.dll
0x00007fffa77f0000 - 0x00007fffa77fa000 	C:\Windows\System32\rasadhlp.dll
0x00007fffa1bb0000 - 0x00007fffa1c33000 	C:\WINDOWS\System32\fwpuclnt.dll
0x00007fff8e9f0000 - 0x00007fff8e9f8000 	C:\WINDOWS\system32\wshunix.dll

dbghelp: loaded successfully - version: 4.0.5 - missing functions: none
symbol engine: initialized successfully - sym options: 0x614 - pdb path: .;C:\Program Files\Java\jdk-17\bin;C:\WINDOWS\SYSTEM32;C:\WINDOWS\WinSxS\amd64_microsoft.windows.common-controls_6595b64144ccf1df_6.0.22621.4291_none_2715d3a373803e45;C:\Program Files\Java\jdk-17\bin\server;D:\IntelliJ IDEA\IntelliJ IDEA Community Edition 2023.3.2\bin

VM Arguments:
jvm_args: -ea -Didea.test.cyclic.buffer.size=1048576 -javaagent:D:\IntelliJ IDEA\IntelliJ IDEA Community Edition 2023.3.2\lib\idea_rt.jar=62190:D:\IntelliJ IDEA\IntelliJ IDEA Community Edition 2023.3.2\bin -Dfile.encoding=UTF-8 
java_command: com.intellij.rt.testng.RemoteTestNGStarter -usedefaultlisteners false -socket62189 @w@C:\Users\91942\AppData\Local\Temp\idea_working_dirs_testng1.tmp -temp C:\Users\91942\AppData\Local\Temp\idea_testng1.tmp
java_class_path (initial): D:\IntelliJ IDEA\IntelliJ IDEA Community Edition 2023.3.2\lib\idea_rt.jar;D:\IntelliJ IDEA\IntelliJ IDEA Community Edition 2023.3.2\plugins\testng\lib\testng-rt.jar;D:\IJ-PROJECTS\InvestmentBanking-Domain\target\test-classes;D:\IJ-PROJECTS\InvestmentBanking-Domain\target\classes;C:\Users\91942\.m2\repository\org\seleniumhq\selenium\selenium-java\4.25.0\selenium-java-4.25.0.jar;C:\Users\91942\.m2\repository\org\seleniumhq\selenium\selenium-api\4.25.0\selenium-api-4.25.0.jar;C:\Users\91942\.m2\repository\org\jspecify\jspecify\1.0.0\jspecify-1.0.0.jar;C:\Users\91942\.m2\repository\org\seleniumhq\selenium\selenium-chrome-driver\4.25.0\selenium-chrome-driver-4.25.0.jar;C:\Users\91942\.m2\repository\com\google\auto\service\auto-service-annotations\1.1.1\auto-service-annotations-1.1.1.jar;C:\Users\91942\.m2\repository\org\seleniumhq\selenium\selenium-chromium-driver\4.25.0\selenium-chromium-driver-4.25.0.jar;C:\Users\91942\.m2\repository\org\seleniumhq\selenium\selenium-json\4.25.0\selenium-json-4.25.0.jar;C:\Users\91942\.m2\repository\org\seleniumhq\selenium\selenium-manager\4.25.0\selenium-manager-4.25.0.jar;C:\Users\91942\.m2\repository\org\seleniumhq\selenium\selenium-devtools-v127\4.25.0\selenium-devtools-v127-4.25.0.jar;C:\Users\91942\.m2\repository\org\seleniumhq\selenium\selenium-devtools-v128\4.25.0\selenium-devtools-v128-4.25.0.jar;C:\Users\91942\.m2\repository\org\seleniumhq\selenium\selenium-devtools-v129\4.25.0\selenium-devtools-v129-4.25.0.jar;C:\Users\91942\.m2\repository\org\seleniumhq\selenium\selenium-devtools-v85\4.25.0\selenium-devtools-v85-4.25.0.jar;C:\Users\91942\.m2\repository\org\seleniumhq\selenium\selenium-edge-driver\4.25.0\selenium-edge-driver-4.25.0.jar;C:\Users\91942\.m2\repository\org\seleniumhq\selenium\selenium-firefox-driver\4.25.0\selenium-firefox-driver-4.25.0.jar;C:\Users\91942\.m2\repository\org\seleniumhq\selenium\selenium-http\4.25.0\selenium-http-4.25.0.jar;C:\Users\91942\.m2\repository\dev\failsafe\fai
Launcher Type: SUN_STANDARD

[Global flags]
     intx CICompilerCount                          = 3                                         {product} {ergonomic}
     uint ConcGCThreads                            = 1                                         {product} {ergonomic}
     uint G1ConcRefinementThreads                  = 4                                         {product} {ergonomic}
   size_t G1HeapRegionSize                         = 1048576                                   {product} {ergonomic}
    uintx GCDrainStackTargetSize                   = 64                                        {product} {ergonomic}
   size_t InitialHeapSize                          = 132120576                                 {product} {ergonomic}
   size_t MarkStackSize                            = 4194304                                   {product} {ergonomic}
   size_t MaxHeapSize                              = 2090860544                                {product} {ergonomic}
   size_t MaxNewSize                               = 1254096896                                {product} {ergonomic}
   size_t MinHeapDeltaBytes                        = 1048576                                   {product} {ergonomic}
   size_t MinHeapSize                              = 8388608                                   {product} {ergonomic}
    uintx NonNMethodCodeHeapSize                   = 5832780                                {pd product} {ergonomic}
    uintx NonProfiledCodeHeapSize                  = 122912730                              {pd product} {ergonomic}
    uintx ProfiledCodeHeapSize                     = 122912730                              {pd product} {ergonomic}
    uintx ReservedCodeCacheSize                    = 251658240                              {pd product} {ergonomic}
     bool SegmentedCodeCache                       = true                                      {product} {ergonomic}
   size_t SoftMaxHeapSize                          = 2090860544                             {manageable} {ergonomic}
     bool UseCompressedClassPointers               = true                           {product lp64_product} {ergonomic}
     bool UseCompressedOops                        = true                           {product lp64_product} {ergonomic}
     bool UseG1GC                                  = true                                      {product} {ergonomic}
     bool UseLargePagesIndividualAllocation        = false                                  {pd product} {ergonomic}

Logging:
Log output configuration:
 #0: stdout all=warning uptime,level,tags
 #1: stderr all=off uptime,level,tags

Environment Variables:
PATH=C:\Program Files\Common Files\Oracle\Java\javapath;C:\Program Files (x86)\Common Files\Oracle\Java\java8path;C:\Program Files (x86)\Common Files\Oracle\Java\javapath;"C:\Program Files (x86)\Common Files\Oracle\Java\javapath;C:\Program Files\Java\jdk1.8.0_341\bin";C:\WINDOWS\system32;C:\WINDOWS;C:\WINDOWS\System32\Wbem;C:\WINDOWS\System32\WindowsPowerShell\v1.0\;C:\WINDOWS\System32\OpenSSH\;C:\TDM-GCC-32\bin;C:\Program Files\MySQL\MySQL Server 8.0\bin;C:\Program Files (x86)\Microsoft SQL Server\160\Tools\Binn\;C:\Program Files\Microsoft SQL Server\160\Tools\Binn\;C:\Program Files\Microsoft SQL Server\Client SDK\ODBC\170\Tools\Binn\;C:\Program Files\Microsoft SQL Server\160\DTS\Binn\;C:\Program Files\Java\jdk-17\bin;C:\Program Files\Java\jre-1.8\bin;C:\Program Files\Microsoft SQL Server\150\Tools\Binn\;C:\Program Files\dotnet\;C:\Program Files\Docker\Docker\resources\bin;C:\Program Files\MongoDB\mongosh-1.10.1-win32-x64\bin;C:\Program Files\Java\jdk1.8.0_202\bin;C:\Program Files\Java\jdk-17\bin;C:\Program Files\nodejs\;C:\Program Files\Java\jdk-21\bin;C:\Program Files\MySQL\MySQL Shell 8.0\bin\;C:\Program Files\Java\jdk1.8.0_341\bin;C:\Program Files\Java\jre-1.8\bin;C:\Program Files\Java\jdk-17\bin;C:\Users\91942\.dotnet\tools;D:\IntelliJ IDEA\IntelliJ IDEA Community Edition 2023.3.2\bin;;C:\Users\91942\AppData\Roaming\npm
USERNAME=91942
OS=Windows_NT
PROCESSOR_IDENTIFIER=Intel64 Family 6 Model 140 Stepping 1, GenuineIntel



---------------  S Y S T E M  ---------------

OS:
 Windows 11 , 64 bit Build 22621 (10.0.22621.4000)
OS uptime: 1 days 0:42 hours
Hyper-V role detected

CPU: total 4 (initial active 4) (2 cores per cpu, 2 threads per core) family 6 model 140 stepping 1 microcode 0x8a, cx8, cmov, fxsr, ht, mmx, 3dnowpref, sse, sse2, sse3, ssse3, sse4.1, sse4.2, popcnt, lzcnt, tsc, tscinvbit, avx, avx2, aes, erms, clmul, bmi1, bmi2, adx, avx512f, avx512dq, avx512cd, avx512bw, avx512vl, sha, fma, vzeroupper, avx512_vpopcntdq, avx512_vpclmulqdq, avx512_vaes, avx512_vnni, clflush, clflushopt, clwb, avx512_vbmi2, avx512_vbmi, hv

Memory: 4k page, system-wide physical 7975M (388M free)
TotalPageFile size 16319M (AvailPageFile size 0M)
current process WorkingSet (physical memory assigned to process): 145M, peak: 145M
current process commit charge ("private bytes"): 177M, peak: 254M

vm_info: Java HotSpot(TM) 64-Bit Server VM (17.0.8+9-LTS-211) for windows-amd64 JRE (17.0.8+9-LTS-211), built on Jun 14 2023 10:34:31 by "mach5one" with MS VC++ 17.1 (VS2022)

END.
